{"E:\\RSSchool\\rss-react-2024\\src\\api\\getOnePokemon.ts": {"path":"E:\\RSSchool\\rss-react-2024\\src\\api\\getOnePokemon.ts","statementMap":{"0":{"start":{"line":1,"column":0},"end":{"line":1,"column":34}},"1":{"start":{"line":3,"column":22},"end":{"line":10,"column":1}},"2":{"start":{"line":4,"column":2},"end":{"line":9,"column":3}},"3":{"start":{"line":5,"column":21},"end":{"line":5,"column":49}},"4":{"start":{"line":6,"column":4},"end":{"line":6,"column":16}},"5":{"start":{"line":8,"column":4},"end":{"line":8,"column":38}},"6":{"start":{"line":12,"column":0},"end":{"line":12,"column":29}}},"fnMap":{"0":{"name":"(anonymous_1)","decl":{"start":{"line":3,"column":22},"end":{"line":3,"column":27}},"loc":{"start":{"line":3,"column":52},"end":{"line":10,"column":1}}}},"branchMap":{},"s":{"0":3,"1":3,"2":3,"3":3,"4":2,"5":1,"6":3},"f":{"0":3},"b":{}}
,"E:\\RSSchool\\rss-react-2024\\src\\api\\getPokemons.ts": {"path":"E:\\RSSchool\\rss-react-2024\\src\\api\\getPokemons.ts","statementMap":{"0":{"start":{"line":1,"column":0},"end":{"line":1,"column":34}},"1":{"start":{"line":3,"column":24},"end":{"line":3,"column":26}},"2":{"start":{"line":5,"column":20},"end":{"line":15,"column":1}},"3":{"start":{"line":6,"column":2},"end":{"line":14,"column":3}},"4":{"start":{"line":7,"column":19},"end":{"line":7,"column":47}},"5":{"start":{"line":8,"column":21},"end":{"line":10,"column":6}},"6":{"start":{"line":11,"column":4},"end":{"line":11,"column":16}},"7":{"start":{"line":13,"column":4},"end":{"line":13,"column":38}},"8":{"start":{"line":18,"column":0},"end":{"line":18,"column":27}}},"fnMap":{"0":{"name":"(anonymous_1)","decl":{"start":{"line":5,"column":20},"end":{"line":5,"column":25}},"loc":{"start":{"line":5,"column":39},"end":{"line":15,"column":1}}}},"branchMap":{"0":{"loc":{"start":{"line":5,"column":27},"end":{"line":5,"column":35}},"type":"default-arg","locations":[{"start":{"line":5,"column":34},"end":{"line":5,"column":35}}]}},"s":{"0":2,"1":2,"2":2,"3":3,"4":3,"5":3,"6":2,"7":1,"8":2},"f":{"0":3},"b":{"0":[2]}}
,"E:\\RSSchool\\rss-react-2024\\src\\api\\instance.ts": {"path":"E:\\RSSchool\\rss-react-2024\\src\\api\\instance.ts","statementMap":{"0":{"start":{"line":1,"column":0},"end":{"line":1,"column":26}},"1":{"start":{"line":2,"column":0},"end":{"line":2,"column":50}},"2":{"start":{"line":4,"column":17},"end":{"line":9,"column":2}},"3":{"start":{"line":11,"column":0},"end":{"line":11,"column":24}}},"fnMap":{},"branchMap":{},"s":{"0":4,"1":4,"2":4,"3":4},"f":{},"b":{}}
,"E:\\RSSchool\\rss-react-2024\\src\\components\\card\\loader.tsx": {"path":"E:\\RSSchool\\rss-react-2024\\src\\components\\card\\loader.tsx","statementMap":{"0":{"start":{"line":2,"column":0},"end":{"line":2,"column":21}},"1":{"start":{"line":4,"column":36},"end":{"line":15,"column":1}},"2":{"start":{"line":5,"column":2},"end":{"line":14,"column":4}},"3":{"start":{"line":4,"column":13},"end":{"line":4,"column":36}}},"fnMap":{"0":{"name":"(anonymous_0)","decl":{"start":{"line":4,"column":36},"end":{"line":4,"column":39}},"loc":{"start":{"line":4,"column":41},"end":{"line":15,"column":1}}}},"branchMap":{},"s":{"0":2,"1":2,"2":4,"3":2},"f":{"0":4},"b":{}}
,"E:\\RSSchool\\rss-react-2024\\src\\components\\detailedCard\\detailedCard.tsx": {"path":"E:\\RSSchool\\rss-react-2024\\src\\components\\detailedCard\\detailedCard.tsx","statementMap":{"0":{"start":{"line":1,"column":0},"end":{"line":1,"column":44}},"1":{"start":{"line":2,"column":0},"end":{"line":2,"column":52}},"2":{"start":{"line":4,"column":0},"end":{"line":4,"column":44}},"3":{"start":{"line":5,"column":0},"end":{"line":5,"column":21}},"4":{"start":{"line":6,"column":0},"end":{"line":6,"column":58}},"5":{"start":{"line":8,"column":28},"end":{"line":57,"column":1}},"6":{"start":{"line":9,"column":17},"end":{"line":9,"column":52}},"7":{"start":{"line":10,"column":28},"end":{"line":10,"column":34}},"8":{"start":{"line":11,"column":19},"end":{"line":11,"column":32}},"9":{"start":{"line":13,"column":32},"end":{"line":13,"column":70}},"10":{"start":{"line":14,"column":28},"end":{"line":14,"column":51}},"11":{"start":{"line":16,"column":2},"end":{"line":26,"column":16}},"12":{"start":{"line":17,"column":22},"end":{"line":24,"column":5}},"13":{"start":{"line":18,"column":6},"end":{"line":23,"column":7}},"14":{"start":{"line":19,"column":21},"end":{"line":19,"column":49}},"15":{"start":{"line":21,"column":8},"end":{"line":21,"column":25}},"16":{"start":{"line":22,"column":8},"end":{"line":22,"column":24}},"17":{"start":{"line":25,"column":4},"end":{"line":25,"column":16}},"18":{"start":{"line":28,"column":22},"end":{"line":30,"column":3}},"19":{"start":{"line":29,"column":4},"end":{"line":29,"column":30}},"20":{"start":{"line":32,"column":2},"end":{"line":56,"column":4}},"21":{"start":{"line":46,"column":12},"end":{"line":46,"column":null}},"22":{"start":{"line":8,"column":13},"end":{"line":8,"column":28}}},"fnMap":{"0":{"name":"(anonymous_1)","decl":{"start":{"line":8,"column":28},"end":{"line":8,"column":31}},"loc":{"start":{"line":8,"column":33},"end":{"line":57,"column":1}}},"1":{"name":"(anonymous_2)","decl":{"start":{"line":16,"column":12},"end":{"line":16,"column":15}},"loc":{"start":{"line":16,"column":17},"end":{"line":26,"column":3}}},"2":{"name":"(anonymous_3)","decl":{"start":{"line":17,"column":22},"end":{"line":17,"column":27}},"loc":{"start":{"line":17,"column":33},"end":{"line":24,"column":5}}},"3":{"name":"(anonymous_4)","decl":{"start":{"line":28,"column":22},"end":{"line":28,"column":25}},"loc":{"start":{"line":28,"column":27},"end":{"line":30,"column":3}}},"4":{"name":"(anonymous_5)","decl":{"start":{"line":45,"column":30},"end":{"line":45,"column":31}},"loc":{"start":{"line":46,"column":12},"end":{"line":46,"column":null}}}},"branchMap":{"0":{"loc":{"start":{"line":18,"column":6},"end":{"line":23,"column":7}},"type":"if","locations":[{"start":{"line":18,"column":6},"end":{"line":23,"column":7}}]},"1":{"loc":{"start":{"line":34,"column":7},"end":{"line":53,"column":null}},"type":"cond-expr","locations":[{"start":{"line":35,"column":8},"end":{"line":35,"column":22}},{"start":{"line":37,"column":8},"end":{"line":52,"column":null}}]}},"s":{"0":1,"1":1,"2":1,"3":1,"4":1,"5":1,"6":6,"7":5,"8":5,"9":5,"10":5,"11":5,"12":3,"13":3,"14":3,"15":3,"16":3,"17":3,"18":5,"19":1,"20":5,"21":2,"22":1},"f":{"0":6,"1":3,"2":3,"3":1,"4":2},"b":{"0":[3],"1":[3,2]}}
,"E:\\RSSchool\\rss-react-2024\\src\\components\\header\\converToCsv.ts": {"path":"E:\\RSSchool\\rss-react-2024\\src\\components\\header\\converToCsv.ts","statementMap":{"0":{"start":{"line":3,"column":28},"end":{"line":19,"column":1}},"1":{"start":{"line":4,"column":2},"end":{"line":6,"column":3}},"2":{"start":{"line":5,"column":4},"end":{"line":5,"column":14}},"3":{"start":{"line":8,"column":15},"end":{"line":8,"column":36}},"4":{"start":{"line":9,"column":17},"end":{"line":9,"column":31}},"5":{"start":{"line":10,"column":15},"end":{"line":11,"column":null}},"6":{"start":{"line":11,"column":4},"end":{"line":11,"column":71}},"7":{"start":{"line":11,"column":22},"end":{"line":11,"column":60}},"8":{"start":{"line":14,"column":21},"end":{"line":14,"column":49}},"9":{"start":{"line":15,"column":15},"end":{"line":15,"column":74}},"10":{"start":{"line":16,"column":14},"end":{"line":16,"column":39}},"11":{"start":{"line":18,"column":2},"end":{"line":18,"column":13}},"12":{"start":{"line":3,"column":13},"end":{"line":3,"column":28}}},"fnMap":{"0":{"name":"(anonymous_0)","decl":{"start":{"line":3,"column":28},"end":{"line":3,"column":29}},"loc":{"start":{"line":3,"column":74},"end":{"line":19,"column":1}}},"1":{"name":"(anonymous_1)","decl":{"start":{"line":10,"column":25},"end":{"line":10,"column":26}},"loc":{"start":{"line":11,"column":4},"end":{"line":11,"column":71}}},"2":{"name":"(anonymous_2)","decl":{"start":{"line":11,"column":13},"end":{"line":11,"column":14}},"loc":{"start":{"line":11,"column":22},"end":{"line":11,"column":60}}}},"branchMap":{"0":{"loc":{"start":{"line":4,"column":2},"end":{"line":6,"column":3}},"type":"if","locations":[{"start":{"line":4,"column":2},"end":{"line":6,"column":3}}]}},"s":{"0":1,"1":3,"2":1,"3":2,"4":2,"5":2,"6":4,"7":24,"8":2,"9":2,"10":2,"11":2,"12":1},"f":{"0":3,"1":4,"2":24},"b":{"0":[1]}}
,"E:\\RSSchool\\rss-react-2024\\src\\components\\header\\flyOut.tsx": {"path":"E:\\RSSchool\\rss-react-2024\\src\\components\\header\\flyOut.tsx","statementMap":{"0":{"start":{"line":1,"column":0},"end":{"line":1,"column":55}},"1":{"start":{"line":3,"column":0},"end":{"line":3,"column":21}},"2":{"start":{"line":4,"column":0},"end":{"line":4,"column":62}},"3":{"start":{"line":5,"column":0},"end":{"line":5,"column":45}},"4":{"start":{"line":7,"column":22},"end":{"line":34,"column":1}},"5":{"start":{"line":8,"column":35},"end":{"line":9,"column":null}},"6":{"start":{"line":9,"column":26},"end":{"line":9,"column":40}},"7":{"start":{"line":11,"column":19},"end":{"line":11,"column":32}},"8":{"start":{"line":13,"column":22},"end":{"line":15,"column":3}},"9":{"start":{"line":14,"column":4},"end":{"line":14,"column":25}},"10":{"start":{"line":17,"column":2},"end":{"line":33,"column":4}},"11":{"start":{"line":7,"column":13},"end":{"line":7,"column":22}}},"fnMap":{"0":{"name":"(anonymous_0)","decl":{"start":{"line":7,"column":22},"end":{"line":7,"column":25}},"loc":{"start":{"line":7,"column":27},"end":{"line":34,"column":1}}},"1":{"name":"(anonymous_1)","decl":{"start":{"line":9,"column":4},"end":{"line":9,"column":5}},"loc":{"start":{"line":9,"column":26},"end":{"line":9,"column":40}}},"2":{"name":"(anonymous_2)","decl":{"start":{"line":13,"column":22},"end":{"line":13,"column":25}},"loc":{"start":{"line":13,"column":27},"end":{"line":15,"column":3}}}},"branchMap":{},"s":{"0":1,"1":1,"2":1,"3":1,"4":1,"5":3,"6":6,"7":3,"8":3,"9":1,"10":3,"11":1},"f":{"0":3,"1":6,"2":1},"b":{}}
,"E:\\RSSchool\\rss-react-2024\\src\\components\\header\\themeButton.tsx": {"path":"E:\\RSSchool\\rss-react-2024\\src\\components\\header\\themeButton.tsx","statementMap":{"0":{"start":{"line":1,"column":0},"end":{"line":1,"column":50}},"1":{"start":{"line":2,"column":0},"end":{"line":2,"column":49}},"2":{"start":{"line":3,"column":0},"end":{"line":3,"column":68}},"3":{"start":{"line":5,"column":27},"end":{"line":22,"column":1}},"4":{"start":{"line":6,"column":41},"end":{"line":6,"column":51}},"5":{"start":{"line":7,"column":25},"end":{"line":7,"column":47}},"6":{"start":{"line":9,"column":19},"end":{"line":13,"column":3}},"7":{"start":{"line":10,"column":25},"end":{"line":10,"column":71}},"8":{"start":{"line":11,"column":4},"end":{"line":11,"column":34}},"9":{"start":{"line":12,"column":4},"end":{"line":12,"column":29}},"10":{"start":{"line":15,"column":2},"end":{"line":21,"column":4}},"11":{"start":{"line":5,"column":13},"end":{"line":5,"column":27}}},"fnMap":{"0":{"name":"(anonymous_0)","decl":{"start":{"line":5,"column":27},"end":{"line":5,"column":30}},"loc":{"start":{"line":5,"column":32},"end":{"line":22,"column":1}}},"1":{"name":"(anonymous_1)","decl":{"start":{"line":9,"column":19},"end":{"line":9,"column":22}},"loc":{"start":{"line":9,"column":24},"end":{"line":13,"column":3}}}},"branchMap":{"0":{"loc":{"start":{"line":10,"column":25},"end":{"line":10,"column":71}},"type":"cond-expr","locations":[{"start":{"line":10,"column":51},"end":{"line":10,"column":59}},{"start":{"line":10,"column":62},"end":{"line":10,"column":71}}]}},"s":{"0":1,"1":1,"2":1,"3":1,"4":3,"5":3,"6":3,"7":2,"8":2,"9":2,"10":3,"11":1},"f":{"0":3,"1":2},"b":{"0":[1,1]}}
,"E:\\RSSchool\\rss-react-2024\\src\\components\\pagination\\arrayMaker.ts": {"path":"E:\\RSSchool\\rss-react-2024\\src\\components\\pagination\\arrayMaker.ts","statementMap":{"0":{"start":{"line":1,"column":18},"end":{"line":1,"column":19}},"1":{"start":{"line":2,"column":19},"end":{"line":2,"column":21}},"2":{"start":{"line":3,"column":25},"end":{"line":3,"column":26}},"3":{"start":{"line":4,"column":18},"end":{"line":4,"column":19}},"4":{"start":{"line":5,"column":17},"end":{"line":5,"column":19}},"5":{"start":{"line":6,"column":19},"end":{"line":6,"column":20}},"6":{"start":{"line":8,"column":25},"end":{"line":14,"column":1}},"7":{"start":{"line":9,"column":14},"end":{"line":9,"column":74}},"8":{"start":{"line":10,"column":2},"end":{"line":10,"column":48}},"9":{"start":{"line":10,"column":31},"end":{"line":10,"column":48}},"10":{"start":{"line":11,"column":14},"end":{"line":11,"column":38}},"11":{"start":{"line":12,"column":16},"end":{"line":12,"column":68}},"12":{"start":{"line":12,"column":58},"end":{"line":12,"column":67}},"13":{"start":{"line":13,"column":2},"end":{"line":13,"column":15}},"14":{"start":{"line":8,"column":13},"end":{"line":8,"column":25}}},"fnMap":{"0":{"name":"(anonymous_0)","decl":{"start":{"line":8,"column":25},"end":{"line":8,"column":26}},"loc":{"start":{"line":8,"column":48},"end":{"line":14,"column":1}}},"1":{"name":"(anonymous_1)","decl":{"start":{"line":12,"column":51},"end":{"line":12,"column":52}},"loc":{"start":{"line":12,"column":58},"end":{"line":12,"column":67}}}},"branchMap":{"0":{"loc":{"start":{"line":9,"column":14},"end":{"line":9,"column":74}},"type":"cond-expr","locations":[{"start":{"line":9,"column":39},"end":{"line":9,"column":48}},{"start":{"line":9,"column":51},"end":{"line":9,"column":74}}]},"1":{"loc":{"start":{"line":10,"column":2},"end":{"line":10,"column":48}},"type":"if","locations":[{"start":{"line":10,"column":2},"end":{"line":10,"column":48}}]}},"s":{"0":2,"1":2,"2":2,"3":2,"4":2,"5":2,"6":2,"7":13,"8":13,"9":4,"10":13,"11":13,"12":117,"13":13,"14":2},"f":{"0":13,"1":117},"b":{"0":[5,8],"1":[4]}}
,"E:\\RSSchool\\rss-react-2024\\src\\components\\pagination\\pageLink.tsx": {"path":"E:\\RSSchool\\rss-react-2024\\src\\components\\pagination\\pageLink.tsx","statementMap":{"0":{"start":{"line":1,"column":0},"end":{"line":1,"column":21}},"1":{"start":{"line":8,"column":24},"end":{"line":17,"column":1}},"2":{"start":{"line":9,"column":2},"end":{"line":16,"column":4}},"3":{"start":{"line":8,"column":13},"end":{"line":8,"column":24}}},"fnMap":{"0":{"name":"(anonymous_0)","decl":{"start":{"line":8,"column":24},"end":{"line":8,"column":25}},"loc":{"start":{"line":8,"column":62},"end":{"line":17,"column":1}}}},"branchMap":{"0":{"loc":{"start":{"line":11,"column":32},"end":{"line":11,"column":56}},"type":"cond-expr","locations":[{"start":{"line":11,"column":43},"end":{"line":11,"column":51}},{"start":{"line":11,"column":54},"end":{"line":11,"column":56}}]}},"s":{"0":2,"1":2,"2":38,"3":2},"f":{"0":38},"b":{"0":[5,33]}}
,"E:\\RSSchool\\rss-react-2024\\src\\components\\pagination\\pagination.tsx": {"path":"E:\\RSSchool\\rss-react-2024\\src\\components\\pagination\\pagination.tsx","statementMap":{"0":{"start":{"line":1,"column":0},"end":{"line":1,"column":41}},"1":{"start":{"line":2,"column":0},"end":{"line":2,"column":38}},"2":{"start":{"line":3,"column":0},"end":{"line":3,"column":21}},"3":{"start":{"line":10,"column":26},"end":{"line":29,"column":1}},"4":{"start":{"line":14,"column":31},"end":{"line":14,"column":53}},"5":{"start":{"line":16,"column":28},"end":{"line":18,"column":3}},"6":{"start":{"line":17,"column":4},"end":{"line":17,"column":34}},"7":{"start":{"line":17,"column":17},"end":{"line":17,"column":33}},"8":{"start":{"line":20,"column":2},"end":{"line":28,"column":4}},"9":{"start":{"line":23,"column":8},"end":{"line":23,"column":24}},"10":{"start":{"line":10,"column":13},"end":{"line":10,"column":26}}},"fnMap":{"0":{"name":"(anonymous_0)","decl":{"start":{"line":10,"column":26},"end":{"line":10,"column":27}},"loc":{"start":{"line":13,"column":22},"end":{"line":29,"column":1}}},"1":{"name":"(anonymous_1)","decl":{"start":{"line":16,"column":28},"end":{"line":16,"column":29}},"loc":{"start":{"line":16,"column":45},"end":{"line":18,"column":3}}},"2":{"name":"(anonymous_2)","decl":{"start":{"line":17,"column":11},"end":{"line":17,"column":14}},"loc":{"start":{"line":17,"column":17},"end":{"line":17,"column":33}}},"3":{"name":"(anonymous_3)","decl":{"start":{"line":22,"column":22},"end":{"line":22,"column":23}},"loc":{"start":{"line":23,"column":8},"end":{"line":23,"column":24}}}},"branchMap":{"0":{"loc":{"start":{"line":11,"column":2},"end":{"line":11,"column":17}},"type":"default-arg","locations":[{"start":{"line":11,"column":16},"end":{"line":11,"column":17}}]}},"s":{"0":1,"1":1,"2":1,"3":1,"4":4,"5":4,"6":36,"7":1,"8":4,"9":36,"10":1},"f":{"0":4,"1":36,"2":1,"3":36},"b":{"0":[0]}}
,"E:\\RSSchool\\rss-react-2024\\src\\constants\\constants.ts": {"path":"E:\\RSSchool\\rss-react-2024\\src\\constants\\constants.ts","statementMap":{"0":{"start":{"line":1,"column":13},"end":{"line":1,"column":39}},"1":{"start":{"line":3,"column":13},"end":{"line":3,"column":42}},"2":{"start":{"line":5,"column":13},"end":{"line":5,"column":61}},"3":{"start":{"line":7,"column":13},"end":{"line":7,"column":27}},"4":{"start":{"line":9,"column":13},"end":{"line":9,"column":29}}},"fnMap":{},"branchMap":{},"s":{"0":5,"1":5,"2":5,"3":5,"4":5},"f":{},"b":{}}
,"E:\\RSSchool\\rss-react-2024\\src\\context\\context.tsx": {"path":"E:\\RSSchool\\rss-react-2024\\src\\context\\context.tsx","statementMap":{"0":{"start":{"line":1,"column":0},"end":{"line":1,"column":71}},"1":{"start":{"line":2,"column":0},"end":{"line":2,"column":70}},"2":{"start":{"line":4,"column":13},"end":{"line":7,"column":24}},"3":{"start":{"line":9,"column":29},"end":{"line":23,"column":1}},"4":{"start":{"line":10,"column":42},"end":{"line":10,"column":72}},"5":{"start":{"line":12,"column":2},"end":{"line":22,"column":4}},"6":{"start":{"line":9,"column":13},"end":{"line":9,"column":29}},"7":{"start":{"line":26,"column":24},"end":{"line":26,"column":54}},"8":{"start":{"line":26,"column":30},"end":{"line":26,"column":54}},"9":{"start":{"line":26,"column":13},"end":{"line":26,"column":24}}},"fnMap":{"0":{"name":"(anonymous_0)","decl":{"start":{"line":9,"column":29},"end":{"line":9,"column":30}},"loc":{"start":{"line":9,"column":71},"end":{"line":23,"column":1}}},"1":{"name":"(anonymous_1)","decl":{"start":{"line":26,"column":24},"end":{"line":26,"column":27}},"loc":{"start":{"line":26,"column":30},"end":{"line":26,"column":54}}}},"branchMap":{},"s":{"0":2,"1":2,"2":2,"3":2,"4":6,"5":6,"6":2,"7":2,"8":6,"9":2},"f":{"0":6,"1":6},"b":{}}
,"E:\\RSSchool\\rss-react-2024\\src\\context\\contextTypes.ts": {"path":"E:\\RSSchool\\rss-react-2024\\src\\context\\contextTypes.ts","statementMap":{"0":{"start":{"line":5,"column":0},"end":{"line":5,"column":null}},"1":{"start":{"line":6,"column":2},"end":{"line":6,"column":null}},"2":{"start":{"line":7,"column":2},"end":{"line":7,"column":null}},"3":{"start":{"line":8,"column":2},"end":{"line":8,"column":null}},"4":{"start":{"line":9,"column":2},"end":{"line":9,"column":null}},"5":{"start":{"line":10,"column":2},"end":{"line":10,"column":null}},"6":{"start":{"line":11,"column":2},"end":{"line":11,"column":null}},"7":{"start":{"line":12,"column":2},"end":{"line":12,"column":null}},"8":{"start":{"line":13,"column":2},"end":{"line":13,"column":null}},"9":{"start":{"line":14,"column":2},"end":{"line":14,"column":null}},"10":{"start":{"line":15,"column":2},"end":{"line":15,"column":null}},"11":{"start":{"line":16,"column":2},"end":{"line":16,"column":null}},"12":{"start":{"line":35,"column":13},"end":{"line":54,"column":2}}},"fnMap":{"0":{"name":"(anonymous_0)","decl":{"start":{"line":5,"column":0},"end":{"line":5,"column":12}},"loc":{"start":{"line":5,"column":17},"end":{"line":17,"column":1}}}},"branchMap":{"0":{"loc":{"start":{"line":5,"column":12},"end":{"line":5,"column":null}},"type":"binary-expr","locations":[{"start":{"line":5,"column":12},"end":{"line":5,"column":17}},{"start":{"line":5,"column":17},"end":{"line":5,"column":null}}]}},"s":{"0":2,"1":2,"2":2,"3":2,"4":2,"5":2,"6":2,"7":2,"8":2,"9":2,"10":2,"11":2,"12":2},"f":{"0":2},"b":{"0":[2,2]}}
,"E:\\RSSchool\\rss-react-2024\\src\\pages\\errorPage\\errorPage.tsx": {"path":"E:\\RSSchool\\rss-react-2024\\src\\pages\\errorPage\\errorPage.tsx","statementMap":{"0":{"start":{"line":1,"column":33},"end":{"line":9,"column":1}},"1":{"start":{"line":2,"column":2},"end":{"line":8,"column":4}},"2":{"start":{"line":1,"column":13},"end":{"line":1,"column":33}}},"fnMap":{"0":{"name":"(anonymous_0)","decl":{"start":{"line":1,"column":33},"end":{"line":1,"column":36}},"loc":{"start":{"line":1,"column":38},"end":{"line":9,"column":1}}}},"branchMap":{},"s":{"0":1,"1":1,"2":1},"f":{"0":1},"b":{}}
,"E:\\RSSchool\\rss-react-2024\\src\\pages\\outOfAmount\\outOfAmount.tsx": {"path":"E:\\RSSchool\\rss-react-2024\\src\\pages\\outOfAmount\\outOfAmount.tsx","statementMap":{"0":{"start":{"line":1,"column":0},"end":{"line":1,"column":21}},"1":{"start":{"line":2,"column":0},"end":{"line":2,"column":40}},"2":{"start":{"line":4,"column":27},"end":{"line":17,"column":1}},"3":{"start":{"line":5,"column":2},"end":{"line":16,"column":4}},"4":{"start":{"line":4,"column":13},"end":{"line":4,"column":27}}},"fnMap":{"0":{"name":"(anonymous_0)","decl":{"start":{"line":4,"column":27},"end":{"line":4,"column":30}},"loc":{"start":{"line":4,"column":32},"end":{"line":17,"column":1}}}},"branchMap":{},"s":{"0":1,"1":1,"2":1,"3":1,"4":1},"f":{"0":1},"b":{}}
,"E:\\RSSchool\\rss-react-2024\\src\\store\\store.ts": {"path":"E:\\RSSchool\\rss-react-2024\\src\\store\\store.ts","statementMap":{"0":{"start":{"line":1,"column":0},"end":{"line":1,"column":50}},"1":{"start":{"line":2,"column":0},"end":{"line":2,"column":53}},"2":{"start":{"line":3,"column":0},"end":{"line":3,"column":55}},"3":{"start":{"line":5,"column":13},"end":{"line":10,"column":3}}},"fnMap":{},"branchMap":{},"s":{"0":1,"1":1,"2":1,"3":1},"f":{},"b":{}}
,"E:\\RSSchool\\rss-react-2024\\src\\store\\pokemons\\pokemonSlice.ts": {"path":"E:\\RSSchool\\rss-react-2024\\src\\store\\pokemons\\pokemonSlice.ts","statementMap":{"0":{"start":{"line":1,"column":0},"end":{"line":1,"column":80}},"1":{"start":{"line":3,"column":0},"end":{"line":3,"column":48}},"2":{"start":{"line":4,"column":0},"end":{"line":4,"column":52}},"3":{"start":{"line":12,"column":35},"end":{"line":16,"column":2}},"4":{"start":{"line":18,"column":21},"end":{"line":53,"column":2}},"5":{"start":{"line":23,"column":6},"end":{"line":23,"column":35}},"6":{"start":{"line":26,"column":6},"end":{"line":26,"column":46}},"7":{"start":{"line":30,"column":4},"end":{"line":40,"column":8}},"8":{"start":{"line":32,"column":8},"end":{"line":32,"column":31}},"9":{"start":{"line":37,"column":10},"end":{"line":37,"column":50}},"10":{"start":{"line":38,"column":10},"end":{"line":38,"column":34}},"11":{"start":{"line":41,"column":4},"end":{"line":51,"column":8}},"12":{"start":{"line":43,"column":8},"end":{"line":43,"column":31}},"13":{"start":{"line":48,"column":10},"end":{"line":48,"column":50}},"14":{"start":{"line":49,"column":10},"end":{"line":49,"column":34}},"15":{"start":{"line":55,"column":13},"end":{"line":63,"column":3}},"16":{"start":{"line":60,"column":20},"end":{"line":60,"column":50}},"17":{"start":{"line":61,"column":2},"end":{"line":61,"column":44}},"18":{"start":{"line":62,"column":2},"end":{"line":62,"column":27}},"19":{"start":{"line":65,"column":13},"end":{"line":78,"column":3}},"20":{"start":{"line":70,"column":25},"end":{"line":70,"column":53}},"21":{"start":{"line":71,"column":25},"end":{"line":76,"column":4}},"22":{"start":{"line":77,"column":2},"end":{"line":77,"column":24}},"23":{"start":{"line":80,"column":13},"end":{"line":80,"column":50}},"24":{"start":{"line":82,"column":0},"end":{"line":82,"column":36}}},"fnMap":{"0":{"name":"(anonymous_1)","decl":{"start":{"line":22,"column":4},"end":{"line":22,"column":18}},"loc":{"start":{"line":22,"column":55},"end":{"line":24,"column":5}}},"1":{"name":"(anonymous_2)","decl":{"start":{"line":25,"column":4},"end":{"line":25,"column":18}},"loc":{"start":{"line":25,"column":65},"end":{"line":27,"column":5}}},"2":{"name":"(anonymous_3)","decl":{"start":{"line":29,"column":17},"end":{"line":29,"column":18}},"loc":{"start":{"line":29,"column":29},"end":{"line":52,"column":3}}},"3":{"name":"(anonymous_4)","decl":{"start":{"line":31,"column":41},"end":{"line":31,"column":42}},"loc":{"start":{"line":31,"column":51},"end":{"line":33,"column":7}}},"4":{"name":"(anonymous_5)","decl":{"start":{"line":36,"column":8},"end":{"line":36,"column":9}},"loc":{"start":{"line":36,"column":59},"end":{"line":39,"column":9}}},"5":{"name":"(anonymous_6)","decl":{"start":{"line":42,"column":43},"end":{"line":42,"column":44}},"loc":{"start":{"line":42,"column":53},"end":{"line":44,"column":7}}},"6":{"name":"(anonymous_7)","decl":{"start":{"line":47,"column":8},"end":{"line":47,"column":9}},"loc":{"start":{"line":47,"column":59},"end":{"line":50,"column":9}}},"7":{"name":"(anonymous_8)","decl":{"start":{"line":59,"column":31},"end":{"line":59,"column":36}},"loc":{"start":{"line":59,"column":75},"end":{"line":63,"column":1}}},"8":{"name":"(anonymous_9)","decl":{"start":{"line":69,"column":33},"end":{"line":69,"column":38}},"loc":{"start":{"line":69,"column":59},"end":{"line":78,"column":1}}}},"branchMap":{},"s":{"0":1,"1":1,"2":1,"3":1,"4":1,"5":2,"6":1,"7":1,"8":1,"9":1,"10":1,"11":1,"12":1,"13":1,"14":1,"15":1,"16":1,"17":1,"18":1,"19":1,"20":1,"21":1,"22":1,"23":1,"24":1},"f":{"0":2,"1":1,"2":1,"3":1,"4":1,"5":1,"6":1,"7":1,"8":1},"b":{}}
,"E:\\RSSchool\\rss-react-2024\\src\\store\\pokemons\\selectedSlice.ts": {"path":"E:\\RSSchool\\rss-react-2024\\src\\store\\pokemons\\selectedSlice.ts","statementMap":{"0":{"start":{"line":1,"column":0},"end":{"line":1,"column":47}},"1":{"start":{"line":9,"column":36},"end":{"line":12,"column":2}},"2":{"start":{"line":14,"column":22},"end":{"line":33,"column":2}},"3":{"start":{"line":19,"column":6},"end":{"line":19,"column":23}},"4":{"start":{"line":20,"column":6},"end":{"line":20,"column":30}},"5":{"start":{"line":23,"column":6},"end":{"line":23,"column":70}},"6":{"start":{"line":24,"column":6},"end":{"line":24,"column":24}},"7":{"start":{"line":27,"column":6},"end":{"line":29,"column":8}},"8":{"start":{"line":28,"column":18},"end":{"line":28,"column":54}},"9":{"start":{"line":30,"column":6},"end":{"line":30,"column":24}},"10":{"start":{"line":35,"column":13},"end":{"line":35,"column":null}},"11":{"start":{"line":38,"column":0},"end":{"line":38,"column":37}}},"fnMap":{"0":{"name":"(anonymous_0)","decl":{"start":{"line":18,"column":4},"end":{"line":18,"column":12}},"loc":{"start":{"line":18,"column":18},"end":{"line":21,"column":5}}},"1":{"name":"(anonymous_1)","decl":{"start":{"line":22,"column":4},"end":{"line":22,"column":15}},"loc":{"start":{"line":22,"column":29},"end":{"line":25,"column":5}}},"2":{"name":"(anonymous_2)","decl":{"start":{"line":26,"column":4},"end":{"line":26,"column":22}},"loc":{"start":{"line":26,"column":36},"end":{"line":31,"column":5}}},"3":{"name":"(anonymous_3)","decl":{"start":{"line":28,"column":8},"end":{"line":28,"column":9}},"loc":{"start":{"line":28,"column":18},"end":{"line":28,"column":54}}}},"branchMap":{},"s":{"0":2,"1":2,"2":2,"3":1,"4":1,"5":2,"6":2,"7":1,"8":2,"9":1,"10":2,"11":2},"f":{"0":1,"1":2,"2":1,"3":2},"b":{}}
}
