{"E:\\RSSchool\\rss-react-2024\\src\\api\\getOnePokemon.ts": {"path":"E:\\RSSchool\\rss-react-2024\\src\\api\\getOnePokemon.ts","statementMap":{"0":{"start":{"line":1,"column":0},"end":{"line":1,"column":34}},"1":{"start":{"line":3,"column":22},"end":{"line":10,"column":1}},"2":{"start":{"line":4,"column":2},"end":{"line":9,"column":3}},"3":{"start":{"line":5,"column":21},"end":{"line":5,"column":49}},"4":{"start":{"line":6,"column":4},"end":{"line":6,"column":16}},"5":{"start":{"line":8,"column":4},"end":{"line":8,"column":38}},"6":{"start":{"line":12,"column":0},"end":{"line":12,"column":29}}},"fnMap":{"0":{"name":"(anonymous_1)","decl":{"start":{"line":3,"column":22},"end":{"line":3,"column":27}},"loc":{"start":{"line":3,"column":52},"end":{"line":10,"column":1}}}},"branchMap":{},"s":{"0":4,"1":4,"2":2,"3":2,"4":1,"5":1,"6":4},"f":{"0":2},"b":{}}
,"E:\\RSSchool\\rss-react-2024\\src\\api\\getPokemons.ts": {"path":"E:\\RSSchool\\rss-react-2024\\src\\api\\getPokemons.ts","statementMap":{"0":{"start":{"line":1,"column":0},"end":{"line":1,"column":34}},"1":{"start":{"line":3,"column":24},"end":{"line":3,"column":26}},"2":{"start":{"line":5,"column":20},"end":{"line":15,"column":1}},"3":{"start":{"line":6,"column":2},"end":{"line":14,"column":3}},"4":{"start":{"line":7,"column":19},"end":{"line":7,"column":47}},"5":{"start":{"line":8,"column":21},"end":{"line":10,"column":6}},"6":{"start":{"line":11,"column":4},"end":{"line":11,"column":16}},"7":{"start":{"line":13,"column":4},"end":{"line":13,"column":38}},"8":{"start":{"line":18,"column":0},"end":{"line":18,"column":27}}},"fnMap":{"0":{"name":"(anonymous_1)","decl":{"start":{"line":5,"column":20},"end":{"line":5,"column":25}},"loc":{"start":{"line":5,"column":39},"end":{"line":15,"column":1}}}},"branchMap":{"0":{"loc":{"start":{"line":5,"column":27},"end":{"line":5,"column":35}},"type":"default-arg","locations":[{"start":{"line":5,"column":34},"end":{"line":5,"column":35}}]}},"s":{"0":2,"1":2,"2":2,"3":2,"4":2,"5":2,"6":1,"7":1,"8":2},"f":{"0":2},"b":{"0":[2]}}
,"E:\\RSSchool\\rss-react-2024\\src\\api\\instance.ts": {"path":"E:\\RSSchool\\rss-react-2024\\src\\api\\instance.ts","statementMap":{"0":{"start":{"line":1,"column":0},"end":{"line":1,"column":26}},"1":{"start":{"line":2,"column":0},"end":{"line":2,"column":50}},"2":{"start":{"line":4,"column":17},"end":{"line":9,"column":2}},"3":{"start":{"line":11,"column":0},"end":{"line":11,"column":24}}},"fnMap":{},"branchMap":{},"s":{"0":5,"1":5,"2":5,"3":5},"f":{},"b":{}}
,"E:\\RSSchool\\rss-react-2024\\src\\api\\pokemonsApi.ts": {"path":"E:\\RSSchool\\rss-react-2024\\src\\api\\pokemonsApi.ts","statementMap":{"0":{"start":{"line":1,"column":0},"end":{"line":1,"column":null}},"1":{"start":{"line":6,"column":0},"end":{"line":6,"column":50}},"2":{"start":{"line":14,"column":24},"end":{"line":14,"column":26}},"3":{"start":{"line":16,"column":13},"end":{"line":29,"column":3}},"4":{"start":{"line":19,"column":27},"end":{"line":28,"column":4}},"5":{"start":{"line":22,"column":8},"end":{"line":22,"column":68}},"6":{"start":{"line":26,"column":8},"end":{"line":26,"column":68}},"7":{"start":{"line":39,"column":15},"end":{"line":41,"column":2}}},"fnMap":{"0":{"name":"(anonymous_0)","decl":{"start":{"line":19,"column":13},"end":{"line":19,"column":14}},"loc":{"start":{"line":19,"column":27},"end":{"line":28,"column":4}}},"1":{"name":"(anonymous_1)","decl":{"start":{"line":21,"column":13},"end":{"line":21,"column":14}},"loc":{"start":{"line":22,"column":8},"end":{"line":22,"column":68}}},"2":{"name":"(anonymous_2)","decl":{"start":{"line":25,"column":13},"end":{"line":25,"column":14}},"loc":{"start":{"line":26,"column":8},"end":{"line":26,"column":68}}}},"branchMap":{},"s":{"0":0,"1":0,"2":0,"3":0,"4":0,"5":0,"6":0,"7":0},"f":{"0":0,"1":0,"2":0},"b":{}}
,"E:\\RSSchool\\rss-react-2024\\src\\components\\card\\index.tsx": {"path":"E:\\RSSchool\\rss-react-2024\\src\\components\\card\\index.tsx","statementMap":{"0":{"start":{"line":1,"column":0},"end":{"line":1,"column":51}},"1":{"start":{"line":3,"column":0},"end":{"line":3,"column":21}},"2":{"start":{"line":4,"column":0},"end":{"line":4,"column":52}},"3":{"start":{"line":5,"column":0},"end":{"line":5,"column":38}},"4":{"start":{"line":6,"column":0},"end":{"line":6,"column":55}},"5":{"start":{"line":7,"column":0},"end":{"line":7,"column":null}},"6":{"start":{"line":30,"column":55},"end":{"line":120,"column":1}},"7":{"start":{"line":34,"column":35},"end":{"line":35,"column":null}},"8":{"start":{"line":35,"column":26},"end":{"line":35,"column":40}},"9":{"start":{"line":37,"column":19},"end":{"line":37,"column":32}},"10":{"start":{"line":38,"column":28},"end":{"line":45,"column":4}},"11":{"start":{"line":46,"column":36},"end":{"line":46,"column":72}},"12":{"start":{"line":48,"column":23},"end":{"line":67,"column":3}},"13":{"start":{"line":49,"column":4},"end":{"line":49,"column":28}},"14":{"start":{"line":50,"column":4},"end":{"line":50,"column":29}},"15":{"start":{"line":51,"column":4},"end":{"line":51,"column":28}},"16":{"start":{"line":52,"column":27},"end":{"line":61,"column":6}},"17":{"start":{"line":62,"column":4},"end":{"line":66,"column":5}},"18":{"start":{"line":63,"column":6},"end":{"line":63,"column":51}},"19":{"start":{"line":65,"column":6},"end":{"line":65,"column":44}},"20":{"start":{"line":69,"column":2},"end":{"line":90,"column":58}},"21":{"start":{"line":70,"column":25},"end":{"line":84,"column":5}},"22":{"start":{"line":71,"column":17},"end":{"line":71,"column":65}},"23":{"start":{"line":72,"column":19},"end":{"line":72,"column":42}},"24":{"start":{"line":73,"column":6},"end":{"line":83,"column":7}},"25":{"start":{"line":74,"column":22},"end":{"line":74,"column":76}},"26":{"start":{"line":74,"column":61},"end":{"line":74,"column":75}},"27":{"start":{"line":75,"column":8},"end":{"line":82,"column":11}},"28":{"start":{"line":85,"column":24},"end":{"line":86,"column":null}},"29":{"start":{"line":86,"column":16},"end":{"line":86,"column":47}},"30":{"start":{"line":88,"column":4},"end":{"line":88,"column":45}},"31":{"start":{"line":88,"column":26},"end":{"line":88,"column":45}},"32":{"start":{"line":89,"column":4},"end":{"line":89,"column":19}},"33":{"start":{"line":92,"column":2},"end":{"line":94,"column":15}},"34":{"start":{"line":93,"column":4},"end":{"line":93,"column":42}},"35":{"start":{"line":93,"column":22},"end":{"line":93,"column":42}},"36":{"start":{"line":96,"column":2},"end":{"line":119,"column":4}},"37":{"start":{"line":30,"column":13},"end":{"line":30,"column":55}}},"fnMap":{"0":{"name":"(anonymous_1)","decl":{"start":{"line":30,"column":55},"end":{"line":30,"column":56}},"loc":{"start":{"line":33,"column":5},"end":{"line":120,"column":1}}},"1":{"name":"(anonymous_2)","decl":{"start":{"line":35,"column":4},"end":{"line":35,"column":5}},"loc":{"start":{"line":35,"column":26},"end":{"line":35,"column":40}}},"2":{"name":"(anonymous_3)","decl":{"start":{"line":48,"column":23},"end":{"line":48,"column":24}},"loc":{"start":{"line":48,"column":70},"end":{"line":67,"column":3}}},"3":{"name":"(anonymous_4)","decl":{"start":{"line":69,"column":12},"end":{"line":69,"column":15}},"loc":{"start":{"line":69,"column":17},"end":{"line":90,"column":3}}},"4":{"name":"(anonymous_5)","decl":{"start":{"line":70,"column":25},"end":{"line":70,"column":30}},"loc":{"start":{"line":70,"column":36},"end":{"line":84,"column":5}}},"5":{"name":"(anonymous_6)","decl":{"start":{"line":74,"column":37},"end":{"line":74,"column":38}},"loc":{"start":{"line":74,"column":61},"end":{"line":74,"column":75}}},"6":{"name":"(anonymous_7)","decl":{"start":{"line":86,"column":6},"end":{"line":86,"column":7}},"loc":{"start":{"line":86,"column":16},"end":{"line":86,"column":47}}},"7":{"name":"(anonymous_8)","decl":{"start":{"line":92,"column":12},"end":{"line":92,"column":15}},"loc":{"start":{"line":92,"column":17},"end":{"line":94,"column":3}}}},"branchMap":{"0":{"loc":{"start":{"line":62,"column":4},"end":{"line":66,"column":5}},"type":"if","locations":[{"start":{"line":62,"column":4},"end":{"line":66,"column":5}},{"start":{"line":64,"column":11},"end":{"line":66,"column":5}}]},"1":{"loc":{"start":{"line":73,"column":6},"end":{"line":83,"column":7}},"type":"if","locations":[{"start":{"line":73,"column":6},"end":{"line":83,"column":7}}]},"2":{"loc":{"start":{"line":88,"column":4},"end":{"line":88,"column":45}},"type":"if","locations":[{"start":{"line":88,"column":4},"end":{"line":88,"column":45}}]},"3":{"loc":{"start":{"line":93,"column":4},"end":{"line":93,"column":42}},"type":"if","locations":[{"start":{"line":93,"column":4},"end":{"line":93,"column":42}}]},"4":{"loc":{"start":{"line":98,"column":7},"end":{"line":116,"column":null}},"type":"cond-expr","locations":[{"start":{"line":99,"column":8},"end":{"line":99,"column":22}},{"start":{"line":101,"column":8},"end":{"line":115,"column":null}}]}},"s":{"0":1,"1":1,"2":1,"3":1,"4":1,"5":1,"6":1,"7":7,"8":10,"9":7,"10":7,"11":7,"12":7,"13":2,"14":2,"15":2,"16":2,"17":2,"18":1,"19":1,"20":7,"21":3,"22":3,"23":3,"24":3,"25":3,"26":3,"27":3,"28":3,"29":0,"30":3,"31":0,"32":3,"33":7,"34":3,"35":3,"36":7,"37":1},"f":{"0":7,"1":10,"2":2,"3":3,"4":3,"5":3,"6":0,"7":3},"b":{"0":[1,1],"1":[3],"2":[0],"3":[3],"4":[3,4]}}
,"E:\\RSSchool\\rss-react-2024\\src\\components\\card\\loader.tsx": {"path":"E:\\RSSchool\\rss-react-2024\\src\\components\\card\\loader.tsx","statementMap":{"0":{"start":{"line":2,"column":0},"end":{"line":2,"column":21}},"1":{"start":{"line":4,"column":36},"end":{"line":15,"column":1}},"2":{"start":{"line":5,"column":2},"end":{"line":14,"column":4}},"3":{"start":{"line":4,"column":13},"end":{"line":4,"column":36}}},"fnMap":{"0":{"name":"(anonymous_0)","decl":{"start":{"line":4,"column":36},"end":{"line":4,"column":39}},"loc":{"start":{"line":4,"column":41},"end":{"line":15,"column":1}}}},"branchMap":{},"s":{"0":3,"1":3,"2":7,"3":3},"f":{"0":7},"b":{}}
,"E:\\RSSchool\\rss-react-2024\\src\\components\\detailedCard\\detailedCard.tsx": {"path":"E:\\RSSchool\\rss-react-2024\\src\\components\\detailedCard\\detailedCard.tsx","statementMap":{"0":{"start":{"line":1,"column":0},"end":{"line":1,"column":44}},"1":{"start":{"line":2,"column":0},"end":{"line":2,"column":52}},"2":{"start":{"line":4,"column":0},"end":{"line":4,"column":44}},"3":{"start":{"line":5,"column":0},"end":{"line":5,"column":21}},"4":{"start":{"line":6,"column":0},"end":{"line":6,"column":58}},"5":{"start":{"line":8,"column":28},"end":{"line":57,"column":1}},"6":{"start":{"line":9,"column":17},"end":{"line":9,"column":52}},"7":{"start":{"line":10,"column":28},"end":{"line":10,"column":34}},"8":{"start":{"line":11,"column":19},"end":{"line":11,"column":32}},"9":{"start":{"line":13,"column":32},"end":{"line":13,"column":70}},"10":{"start":{"line":14,"column":28},"end":{"line":14,"column":51}},"11":{"start":{"line":16,"column":2},"end":{"line":26,"column":16}},"12":{"start":{"line":17,"column":22},"end":{"line":24,"column":5}},"13":{"start":{"line":18,"column":6},"end":{"line":23,"column":7}},"14":{"start":{"line":19,"column":21},"end":{"line":19,"column":49}},"15":{"start":{"line":21,"column":8},"end":{"line":21,"column":25}},"16":{"start":{"line":22,"column":8},"end":{"line":22,"column":24}},"17":{"start":{"line":25,"column":4},"end":{"line":25,"column":16}},"18":{"start":{"line":28,"column":22},"end":{"line":30,"column":3}},"19":{"start":{"line":29,"column":4},"end":{"line":29,"column":30}},"20":{"start":{"line":32,"column":2},"end":{"line":56,"column":4}},"21":{"start":{"line":46,"column":12},"end":{"line":46,"column":null}},"22":{"start":{"line":8,"column":13},"end":{"line":8,"column":28}}},"fnMap":{"0":{"name":"(anonymous_1)","decl":{"start":{"line":8,"column":28},"end":{"line":8,"column":31}},"loc":{"start":{"line":8,"column":33},"end":{"line":57,"column":1}}},"1":{"name":"(anonymous_2)","decl":{"start":{"line":16,"column":12},"end":{"line":16,"column":15}},"loc":{"start":{"line":16,"column":17},"end":{"line":26,"column":3}}},"2":{"name":"(anonymous_3)","decl":{"start":{"line":17,"column":22},"end":{"line":17,"column":27}},"loc":{"start":{"line":17,"column":33},"end":{"line":24,"column":5}}},"3":{"name":"(anonymous_4)","decl":{"start":{"line":28,"column":22},"end":{"line":28,"column":25}},"loc":{"start":{"line":28,"column":27},"end":{"line":30,"column":3}}},"4":{"name":"(anonymous_5)","decl":{"start":{"line":45,"column":30},"end":{"line":45,"column":31}},"loc":{"start":{"line":46,"column":12},"end":{"line":46,"column":null}}}},"branchMap":{"0":{"loc":{"start":{"line":18,"column":6},"end":{"line":23,"column":7}},"type":"if","locations":[{"start":{"line":18,"column":6},"end":{"line":23,"column":7}}]},"1":{"loc":{"start":{"line":34,"column":7},"end":{"line":53,"column":null}},"type":"cond-expr","locations":[{"start":{"line":35,"column":8},"end":{"line":35,"column":22}},{"start":{"line":37,"column":8},"end":{"line":52,"column":null}}]}},"s":{"0":1,"1":1,"2":1,"3":1,"4":1,"5":1,"6":6,"7":5,"8":5,"9":5,"10":5,"11":5,"12":3,"13":3,"14":3,"15":3,"16":3,"17":3,"18":5,"19":1,"20":5,"21":2,"22":1},"f":{"0":6,"1":3,"2":3,"3":1,"4":2},"b":{"0":[3],"1":[3,2]}}
,"E:\\RSSchool\\rss-react-2024\\src\\components\\display\\index.tsx": {"path":"E:\\RSSchool\\rss-react-2024\\src\\components\\display\\index.tsx","statementMap":{"0":{"start":{"line":1,"column":0},"end":{"line":1,"column":58}},"1":{"start":{"line":3,"column":0},"end":{"line":3,"column":38}},"2":{"start":{"line":4,"column":0},"end":{"line":4,"column":21}},"3":{"start":{"line":5,"column":0},"end":{"line":5,"column":42}},"4":{"start":{"line":7,"column":0},"end":{"line":7,"column":44}},"5":{"start":{"line":8,"column":0},"end":{"line":8,"column":60}},"6":{"start":{"line":9,"column":0},"end":{"line":9,"column":68}},"7":{"start":{"line":10,"column":0},"end":{"line":10,"column":52}},"8":{"start":{"line":12,"column":28},"end":{"line":69,"column":1}},"9":{"start":{"line":13,"column":23},"end":{"line":13,"column":47}},"10":{"start":{"line":15,"column":17},"end":{"line":15,"column":52}},"11":{"start":{"line":16,"column":19},"end":{"line":16,"column":25}},"12":{"start":{"line":17,"column":19},"end":{"line":17,"column":32}},"13":{"start":{"line":18,"column":37},"end":{"line":19,"column":null}},"14":{"start":{"line":19,"column":26},"end":{"line":19,"column":40}},"15":{"start":{"line":21,"column":19},"end":{"line":21,"column":51}},"16":{"start":{"line":22,"column":2},"end":{"line":22,"column":20}},"17":{"start":{"line":26,"column":2},"end":{"line":26,"column":50}},"18":{"start":{"line":26,"column":27},"end":{"line":26,"column":50}},"19":{"start":{"line":27,"column":2},"end":{"line":27,"column":51}},"20":{"start":{"line":27,"column":27},"end":{"line":27,"column":51}},"21":{"start":{"line":29,"column":23},"end":{"line":32,"column":3}},"22":{"start":{"line":30,"column":15},"end":{"line":30,"column":50}},"23":{"start":{"line":31,"column":4},"end":{"line":31,"column":57}},"24":{"start":{"line":31,"column":17},"end":{"line":31,"column":56}},"25":{"start":{"line":34,"column":23},"end":{"line":36,"column":3}},"26":{"start":{"line":35,"column":4},"end":{"line":35,"column":28}},"27":{"start":{"line":38,"column":26},"end":{"line":45,"column":3}},"28":{"start":{"line":42,"column":4},"end":{"line":44,"column":5}},"29":{"start":{"line":43,"column":6},"end":{"line":43,"column":26}},"30":{"start":{"line":47,"column":2},"end":{"line":68,"column":4}},"31":{"start":{"line":53,"column":10},"end":{"line":54,"column":null}},"32":{"start":{"line":55,"column":32},"end":{"line":55,"column":62}},"33":{"start":{"line":12,"column":13},"end":{"line":12,"column":28}}},"fnMap":{"0":{"name":"(anonymous_0)","decl":{"start":{"line":12,"column":28},"end":{"line":12,"column":31}},"loc":{"start":{"line":12,"column":33},"end":{"line":69,"column":1}}},"1":{"name":"(anonymous_1)","decl":{"start":{"line":19,"column":4},"end":{"line":19,"column":5}},"loc":{"start":{"line":19,"column":26},"end":{"line":19,"column":40}}},"2":{"name":"(anonymous_2)","decl":{"start":{"line":29,"column":23},"end":{"line":29,"column":24}},"loc":{"start":{"line":29,"column":39},"end":{"line":32,"column":3}}},"3":{"name":"(anonymous_3)","decl":{"start":{"line":31,"column":11},"end":{"line":31,"column":14}},"loc":{"start":{"line":31,"column":17},"end":{"line":31,"column":56}}},"4":{"name":"(anonymous_4)","decl":{"start":{"line":34,"column":23},"end":{"line":34,"column":24}},"loc":{"start":{"line":34,"column":70},"end":{"line":36,"column":3}}},"5":{"name":"(anonymous_5)","decl":{"start":{"line":38,"column":26},"end":{"line":38,"column":null}},"loc":{"start":{"line":41,"column":6},"end":{"line":45,"column":3}}},"6":{"name":"(anonymous_6)","decl":{"start":{"line":52,"column":22},"end":{"line":52,"column":23}},"loc":{"start":{"line":53,"column":10},"end":{"line":54,"column":null}}},"7":{"name":"(anonymous_7)","decl":{"start":{"line":55,"column":21},"end":{"line":55,"column":22}},"loc":{"start":{"line":55,"column":32},"end":{"line":55,"column":62}}}},"branchMap":{"0":{"loc":{"start":{"line":21,"column":39},"end":{"line":21,"column":50}},"type":"binary-expr","locations":[{"start":{"line":21,"column":39},"end":{"line":21,"column":43}},{"start":{"line":21,"column":47},"end":{"line":21,"column":50}}]},"1":{"loc":{"start":{"line":26,"column":2},"end":{"line":26,"column":50}},"type":"if","locations":[{"start":{"line":26,"column":2},"end":{"line":26,"column":50}}]},"2":{"loc":{"start":{"line":26,"column":6},"end":{"line":26,"column":25}},"type":"binary-expr","locations":[{"start":{"line":26,"column":6},"end":{"line":26,"column":16}},{"start":{"line":26,"column":20},"end":{"line":26,"column":25}}]},"3":{"loc":{"start":{"line":27,"column":2},"end":{"line":27,"column":51}},"type":"if","locations":[{"start":{"line":27,"column":2},"end":{"line":27,"column":51}}]},"4":{"loc":{"start":{"line":27,"column":6},"end":{"line":27,"column":25}},"type":"binary-expr","locations":[{"start":{"line":27,"column":6},"end":{"line":27,"column":17}},{"start":{"line":27,"column":21},"end":{"line":27,"column":25}}]},"5":{"loc":{"start":{"line":42,"column":4},"end":{"line":44,"column":5}},"type":"if","locations":[{"start":{"line":42,"column":4},"end":{"line":44,"column":5}}]},"6":{"loc":{"start":{"line":49,"column":7},"end":{"line":65,"column":null}},"type":"cond-expr","locations":[{"start":{"line":50,"column":8},"end":{"line":50,"column":22}},{"start":{"line":52,"column":8},"end":{"line":65,"column":10}}]}},"s":{"0":0,"1":0,"2":0,"3":0,"4":0,"5":0,"6":0,"7":0,"8":0,"9":0,"10":0,"11":0,"12":0,"13":0,"14":0,"15":0,"16":0,"17":0,"18":0,"19":0,"20":0,"21":0,"22":0,"23":0,"24":0,"25":0,"26":0,"27":0,"28":0,"29":0,"30":0,"31":0,"32":0,"33":0},"f":{"0":0,"1":0,"2":0,"3":0,"4":0,"5":0,"6":0,"7":0},"b":{"0":[0,0],"1":[0],"2":[0,0],"3":[0],"4":[0,0],"5":[0],"6":[0,0]}}
,"E:\\RSSchool\\rss-react-2024\\src\\components\\header\\converToCsv.ts": {"path":"E:\\RSSchool\\rss-react-2024\\src\\components\\header\\converToCsv.ts","statementMap":{"0":{"start":{"line":3,"column":28},"end":{"line":19,"column":1}},"1":{"start":{"line":4,"column":2},"end":{"line":6,"column":3}},"2":{"start":{"line":5,"column":4},"end":{"line":5,"column":14}},"3":{"start":{"line":8,"column":15},"end":{"line":8,"column":36}},"4":{"start":{"line":9,"column":17},"end":{"line":9,"column":31}},"5":{"start":{"line":10,"column":15},"end":{"line":11,"column":null}},"6":{"start":{"line":11,"column":4},"end":{"line":11,"column":71}},"7":{"start":{"line":11,"column":22},"end":{"line":11,"column":60}},"8":{"start":{"line":14,"column":21},"end":{"line":14,"column":49}},"9":{"start":{"line":15,"column":15},"end":{"line":15,"column":74}},"10":{"start":{"line":16,"column":14},"end":{"line":16,"column":39}},"11":{"start":{"line":18,"column":2},"end":{"line":18,"column":13}},"12":{"start":{"line":3,"column":13},"end":{"line":3,"column":28}}},"fnMap":{"0":{"name":"(anonymous_0)","decl":{"start":{"line":3,"column":28},"end":{"line":3,"column":29}},"loc":{"start":{"line":3,"column":74},"end":{"line":19,"column":1}}},"1":{"name":"(anonymous_1)","decl":{"start":{"line":10,"column":25},"end":{"line":10,"column":26}},"loc":{"start":{"line":11,"column":4},"end":{"line":11,"column":71}}},"2":{"name":"(anonymous_2)","decl":{"start":{"line":11,"column":13},"end":{"line":11,"column":14}},"loc":{"start":{"line":11,"column":22},"end":{"line":11,"column":60}}}},"branchMap":{"0":{"loc":{"start":{"line":4,"column":2},"end":{"line":6,"column":3}},"type":"if","locations":[{"start":{"line":4,"column":2},"end":{"line":6,"column":3}}]}},"s":{"0":2,"1":5,"2":3,"3":2,"4":2,"5":2,"6":4,"7":24,"8":2,"9":2,"10":2,"11":2,"12":2},"f":{"0":5,"1":4,"2":24},"b":{"0":[3]}}
,"E:\\RSSchool\\rss-react-2024\\src\\components\\header\\flyOut.tsx": {"path":"E:\\RSSchool\\rss-react-2024\\src\\components\\header\\flyOut.tsx","statementMap":{"0":{"start":{"line":1,"column":0},"end":{"line":1,"column":55}},"1":{"start":{"line":3,"column":0},"end":{"line":3,"column":21}},"2":{"start":{"line":4,"column":0},"end":{"line":4,"column":62}},"3":{"start":{"line":5,"column":0},"end":{"line":5,"column":45}},"4":{"start":{"line":7,"column":22},"end":{"line":34,"column":1}},"5":{"start":{"line":8,"column":35},"end":{"line":9,"column":null}},"6":{"start":{"line":9,"column":26},"end":{"line":9,"column":40}},"7":{"start":{"line":11,"column":19},"end":{"line":11,"column":32}},"8":{"start":{"line":13,"column":22},"end":{"line":15,"column":3}},"9":{"start":{"line":14,"column":4},"end":{"line":14,"column":25}},"10":{"start":{"line":17,"column":2},"end":{"line":33,"column":4}},"11":{"start":{"line":7,"column":13},"end":{"line":7,"column":22}}},"fnMap":{"0":{"name":"(anonymous_0)","decl":{"start":{"line":7,"column":22},"end":{"line":7,"column":25}},"loc":{"start":{"line":7,"column":27},"end":{"line":34,"column":1}}},"1":{"name":"(anonymous_1)","decl":{"start":{"line":9,"column":4},"end":{"line":9,"column":5}},"loc":{"start":{"line":9,"column":26},"end":{"line":9,"column":40}}},"2":{"name":"(anonymous_2)","decl":{"start":{"line":13,"column":22},"end":{"line":13,"column":25}},"loc":{"start":{"line":13,"column":27},"end":{"line":15,"column":3}}}},"branchMap":{},"s":{"0":2,"1":2,"2":2,"3":2,"4":2,"5":5,"6":9,"7":5,"8":5,"9":1,"10":5,"11":2},"f":{"0":5,"1":9,"2":1},"b":{}}
,"E:\\RSSchool\\rss-react-2024\\src\\components\\header\\index.tsx": {"path":"E:\\RSSchool\\rss-react-2024\\src\\components\\header\\index.tsx","statementMap":{"0":{"start":{"line":1,"column":0},"end":{"line":1,"column":51}},"1":{"start":{"line":2,"column":0},"end":{"line":2,"column":21}},"2":{"start":{"line":3,"column":0},"end":{"line":3,"column":68}},"3":{"start":{"line":4,"column":0},"end":{"line":4,"column":52}},"4":{"start":{"line":5,"column":0},"end":{"line":5,"column":62}},"5":{"start":{"line":6,"column":0},"end":{"line":6,"column":44}},"6":{"start":{"line":7,"column":0},"end":{"line":7,"column":55}},"7":{"start":{"line":9,"column":0},"end":{"line":9,"column":null}},"8":{"start":{"line":13,"column":0},"end":{"line":13,"column":34}},"9":{"start":{"line":19,"column":22},"end":{"line":79,"column":1}},"10":{"start":{"line":20,"column":38},"end":{"line":20,"column":62}},"11":{"start":{"line":21,"column":42},"end":{"line":21,"column":54}},"12":{"start":{"line":22,"column":30},"end":{"line":22,"column":47}},"13":{"start":{"line":23,"column":21},"end":{"line":23,"column":70}},"14":{"start":{"line":23,"column":55},"end":{"line":23,"column":69}},"15":{"start":{"line":24,"column":19},"end":{"line":24,"column":45}},"16":{"start":{"line":25,"column":17},"end":{"line":25,"column":52}},"17":{"start":{"line":26,"column":19},"end":{"line":26,"column":25}},"18":{"start":{"line":28,"column":2},"end":{"line":36,"column":36}},"19":{"start":{"line":29,"column":16},"end":{"line":29,"column":20}},"20":{"start":{"line":30,"column":4},"end":{"line":35,"column":5}},"21":{"start":{"line":31,"column":6},"end":{"line":31,"column":34}},"22":{"start":{"line":32,"column":6},"end":{"line":32,"column":20}},"23":{"start":{"line":33,"column":6},"end":{"line":33,"column":62}},"24":{"start":{"line":33,"column":22},"end":{"line":33,"column":62}},"25":{"start":{"line":34,"column":6},"end":{"line":34,"column":43}},"26":{"start":{"line":34,"column":23},"end":{"line":34,"column":43}},"27":{"start":{"line":38,"column":28},"end":{"line":41,"column":3}},"28":{"start":{"line":39,"column":21},"end":{"line":39,"column":39}},"29":{"start":{"line":40,"column":4},"end":{"line":40,"column":30}},"30":{"start":{"line":43,"column":27},"end":{"line":46,"column":3}},"31":{"start":{"line":44,"column":21},"end":{"line":44,"column":30}},"32":{"start":{"line":45,"column":4},"end":{"line":45,"column":41}},"33":{"start":{"line":45,"column":30},"end":{"line":45,"column":41}},"34":{"start":{"line":48,"column":19},"end":{"line":59,"column":3}},"35":{"start":{"line":49,"column":4},"end":{"line":49,"column":32}},"36":{"start":{"line":50,"column":4},"end":{"line":53,"column":5}},"37":{"start":{"line":51,"column":6},"end":{"line":51,"column":48}},"38":{"start":{"line":52,"column":6},"end":{"line":52,"column":55}},"39":{"start":{"line":54,"column":4},"end":{"line":57,"column":5}},"40":{"start":{"line":55,"column":6},"end":{"line":55,"column":26}},"41":{"start":{"line":56,"column":6},"end":{"line":56,"column":53}},"42":{"start":{"line":58,"column":4},"end":{"line":58,"column":30}},"43":{"start":{"line":61,"column":2},"end":{"line":78,"column":4}},"44":{"start":{"line":19,"column":13},"end":{"line":19,"column":22}}},"fnMap":{"0":{"name":"(anonymous_0)","decl":{"start":{"line":19,"column":22},"end":{"line":19,"column":23}},"loc":{"start":{"line":19,"column":55},"end":{"line":79,"column":1}}},"1":{"name":"(anonymous_1)","decl":{"start":{"line":23,"column":33},"end":{"line":23,"column":34}},"loc":{"start":{"line":23,"column":55},"end":{"line":23,"column":69}}},"2":{"name":"(anonymous_2)","decl":{"start":{"line":28,"column":12},"end":{"line":28,"column":15}},"loc":{"start":{"line":28,"column":17},"end":{"line":36,"column":3}}},"3":{"name":"(anonymous_3)","decl":{"start":{"line":38,"column":28},"end":{"line":38,"column":29}},"loc":{"start":{"line":38,"column":75},"end":{"line":41,"column":3}}},"4":{"name":"(anonymous_4)","decl":{"start":{"line":43,"column":27},"end":{"line":43,"column":28}},"loc":{"start":{"line":43,"column":58},"end":{"line":46,"column":3}}},"5":{"name":"(anonymous_5)","decl":{"start":{"line":48,"column":19},"end":{"line":48,"column":24}},"loc":{"start":{"line":48,"column":30},"end":{"line":59,"column":3}}}},"branchMap":{"0":{"loc":{"start":{"line":30,"column":4},"end":{"line":35,"column":5}},"type":"if","locations":[{"start":{"line":30,"column":4},"end":{"line":35,"column":5}}]},"1":{"loc":{"start":{"line":33,"column":6},"end":{"line":33,"column":62}},"type":"if","locations":[{"start":{"line":33,"column":6},"end":{"line":33,"column":62}}]},"2":{"loc":{"start":{"line":34,"column":6},"end":{"line":34,"column":43}},"type":"if","locations":[{"start":{"line":34,"column":6},"end":{"line":34,"column":43}}]},"3":{"loc":{"start":{"line":45,"column":4},"end":{"line":45,"column":41}},"type":"if","locations":[{"start":{"line":45,"column":4},"end":{"line":45,"column":41}}]},"4":{"loc":{"start":{"line":50,"column":4},"end":{"line":53,"column":5}},"type":"if","locations":[{"start":{"line":50,"column":4},"end":{"line":53,"column":5}}]},"5":{"loc":{"start":{"line":54,"column":4},"end":{"line":57,"column":5}},"type":"if","locations":[{"start":{"line":54,"column":4},"end":{"line":57,"column":5}}]},"6":{"loc":{"start":{"line":67,"column":17},"end":{"line":67,"column":35}},"type":"binary-expr","locations":[{"start":{"line":67,"column":17},"end":{"line":67,"column":29}},{"start":{"line":67,"column":33},"end":{"line":67,"column":35}}]},"7":{"loc":{"start":{"line":75,"column":41},"end":{"line":75,"column":65}},"type":"binary-expr","locations":[{"start":{"line":75,"column":41},"end":{"line":75,"column":51}},{"start":{"line":75,"column":55},"end":{"line":75,"column":65}}]}},"s":{"0":1,"1":1,"2":1,"3":1,"4":1,"5":1,"6":1,"7":1,"8":1,"9":1,"10":8,"11":8,"12":8,"13":8,"14":12,"15":8,"16":8,"17":8,"18":8,"19":4,"20":4,"21":4,"22":4,"23":4,"24":0,"25":4,"26":4,"27":8,"28":0,"29":0,"30":8,"31":0,"32":0,"33":0,"34":8,"35":0,"36":0,"37":0,"38":0,"39":0,"40":0,"41":0,"42":0,"43":8,"44":1},"f":{"0":8,"1":12,"2":4,"3":0,"4":0,"5":0},"b":{"0":[4],"1":[0],"2":[4],"3":[0],"4":[0],"5":[0],"6":[8,8],"7":[8,2]}}
,"E:\\RSSchool\\rss-react-2024\\src\\components\\header\\themeButton.tsx": {"path":"E:\\RSSchool\\rss-react-2024\\src\\components\\header\\themeButton.tsx","statementMap":{"0":{"start":{"line":1,"column":0},"end":{"line":1,"column":50}},"1":{"start":{"line":2,"column":0},"end":{"line":2,"column":49}},"2":{"start":{"line":3,"column":0},"end":{"line":3,"column":68}},"3":{"start":{"line":5,"column":27},"end":{"line":22,"column":1}},"4":{"start":{"line":6,"column":41},"end":{"line":6,"column":51}},"5":{"start":{"line":7,"column":25},"end":{"line":7,"column":47}},"6":{"start":{"line":9,"column":19},"end":{"line":13,"column":3}},"7":{"start":{"line":10,"column":25},"end":{"line":10,"column":71}},"8":{"start":{"line":11,"column":4},"end":{"line":11,"column":34}},"9":{"start":{"line":12,"column":4},"end":{"line":12,"column":29}},"10":{"start":{"line":15,"column":2},"end":{"line":21,"column":4}},"11":{"start":{"line":5,"column":13},"end":{"line":5,"column":27}}},"fnMap":{"0":{"name":"(anonymous_0)","decl":{"start":{"line":5,"column":27},"end":{"line":5,"column":30}},"loc":{"start":{"line":5,"column":32},"end":{"line":22,"column":1}}},"1":{"name":"(anonymous_1)","decl":{"start":{"line":9,"column":19},"end":{"line":9,"column":22}},"loc":{"start":{"line":9,"column":24},"end":{"line":13,"column":3}}}},"branchMap":{"0":{"loc":{"start":{"line":10,"column":25},"end":{"line":10,"column":71}},"type":"cond-expr","locations":[{"start":{"line":10,"column":51},"end":{"line":10,"column":59}},{"start":{"line":10,"column":62},"end":{"line":10,"column":71}}]}},"s":{"0":2,"1":2,"2":2,"3":2,"4":11,"5":11,"6":11,"7":2,"8":2,"9":2,"10":11,"11":2},"f":{"0":11,"1":2},"b":{"0":[1,1]}}
,"E:\\RSSchool\\rss-react-2024\\src\\components\\pagination\\arrayMaker.ts": {"path":"E:\\RSSchool\\rss-react-2024\\src\\components\\pagination\\arrayMaker.ts","statementMap":{"0":{"start":{"line":1,"column":18},"end":{"line":1,"column":19}},"1":{"start":{"line":2,"column":19},"end":{"line":2,"column":21}},"2":{"start":{"line":3,"column":25},"end":{"line":3,"column":26}},"3":{"start":{"line":4,"column":18},"end":{"line":4,"column":19}},"4":{"start":{"line":5,"column":17},"end":{"line":5,"column":19}},"5":{"start":{"line":6,"column":19},"end":{"line":6,"column":20}},"6":{"start":{"line":8,"column":25},"end":{"line":14,"column":1}},"7":{"start":{"line":9,"column":14},"end":{"line":9,"column":74}},"8":{"start":{"line":10,"column":2},"end":{"line":10,"column":48}},"9":{"start":{"line":10,"column":31},"end":{"line":10,"column":48}},"10":{"start":{"line":11,"column":14},"end":{"line":11,"column":38}},"11":{"start":{"line":12,"column":16},"end":{"line":12,"column":68}},"12":{"start":{"line":12,"column":58},"end":{"line":12,"column":67}},"13":{"start":{"line":13,"column":2},"end":{"line":13,"column":15}},"14":{"start":{"line":8,"column":13},"end":{"line":8,"column":25}}},"fnMap":{"0":{"name":"(anonymous_0)","decl":{"start":{"line":8,"column":25},"end":{"line":8,"column":26}},"loc":{"start":{"line":8,"column":48},"end":{"line":14,"column":1}}},"1":{"name":"(anonymous_1)","decl":{"start":{"line":12,"column":51},"end":{"line":12,"column":52}},"loc":{"start":{"line":12,"column":58},"end":{"line":12,"column":67}}}},"branchMap":{"0":{"loc":{"start":{"line":9,"column":14},"end":{"line":9,"column":74}},"type":"cond-expr","locations":[{"start":{"line":9,"column":39},"end":{"line":9,"column":48}},{"start":{"line":9,"column":51},"end":{"line":9,"column":74}}]},"1":{"loc":{"start":{"line":10,"column":2},"end":{"line":10,"column":48}},"type":"if","locations":[{"start":{"line":10,"column":2},"end":{"line":10,"column":48}}]}},"s":{"0":2,"1":2,"2":2,"3":2,"4":2,"5":2,"6":2,"7":13,"8":13,"9":4,"10":13,"11":13,"12":117,"13":13,"14":2},"f":{"0":13,"1":117},"b":{"0":[5,8],"1":[4]}}
,"E:\\RSSchool\\rss-react-2024\\src\\components\\pagination\\pageLink.tsx": {"path":"E:\\RSSchool\\rss-react-2024\\src\\components\\pagination\\pageLink.tsx","statementMap":{"0":{"start":{"line":1,"column":0},"end":{"line":1,"column":21}},"1":{"start":{"line":8,"column":24},"end":{"line":17,"column":1}},"2":{"start":{"line":9,"column":2},"end":{"line":16,"column":4}},"3":{"start":{"line":8,"column":13},"end":{"line":8,"column":24}}},"fnMap":{"0":{"name":"(anonymous_0)","decl":{"start":{"line":8,"column":24},"end":{"line":8,"column":25}},"loc":{"start":{"line":8,"column":62},"end":{"line":17,"column":1}}}},"branchMap":{"0":{"loc":{"start":{"line":11,"column":32},"end":{"line":11,"column":56}},"type":"cond-expr","locations":[{"start":{"line":11,"column":43},"end":{"line":11,"column":51}},{"start":{"line":11,"column":54},"end":{"line":11,"column":56}}]}},"s":{"0":2,"1":2,"2":38,"3":2},"f":{"0":38},"b":{"0":[5,33]}}
,"E:\\RSSchool\\rss-react-2024\\src\\components\\pagination\\pagination.tsx": {"path":"E:\\RSSchool\\rss-react-2024\\src\\components\\pagination\\pagination.tsx","statementMap":{"0":{"start":{"line":1,"column":0},"end":{"line":1,"column":41}},"1":{"start":{"line":2,"column":0},"end":{"line":2,"column":38}},"2":{"start":{"line":3,"column":0},"end":{"line":3,"column":21}},"3":{"start":{"line":10,"column":26},"end":{"line":29,"column":1}},"4":{"start":{"line":14,"column":31},"end":{"line":14,"column":53}},"5":{"start":{"line":16,"column":28},"end":{"line":18,"column":3}},"6":{"start":{"line":17,"column":4},"end":{"line":17,"column":34}},"7":{"start":{"line":17,"column":17},"end":{"line":17,"column":33}},"8":{"start":{"line":20,"column":2},"end":{"line":28,"column":4}},"9":{"start":{"line":23,"column":8},"end":{"line":23,"column":24}},"10":{"start":{"line":10,"column":13},"end":{"line":10,"column":26}}},"fnMap":{"0":{"name":"(anonymous_0)","decl":{"start":{"line":10,"column":26},"end":{"line":10,"column":27}},"loc":{"start":{"line":13,"column":22},"end":{"line":29,"column":1}}},"1":{"name":"(anonymous_1)","decl":{"start":{"line":16,"column":28},"end":{"line":16,"column":29}},"loc":{"start":{"line":16,"column":45},"end":{"line":18,"column":3}}},"2":{"name":"(anonymous_2)","decl":{"start":{"line":17,"column":11},"end":{"line":17,"column":14}},"loc":{"start":{"line":17,"column":17},"end":{"line":17,"column":33}}},"3":{"name":"(anonymous_3)","decl":{"start":{"line":22,"column":22},"end":{"line":22,"column":23}},"loc":{"start":{"line":23,"column":8},"end":{"line":23,"column":24}}}},"branchMap":{"0":{"loc":{"start":{"line":11,"column":2},"end":{"line":11,"column":17}},"type":"default-arg","locations":[{"start":{"line":11,"column":16},"end":{"line":11,"column":17}}]}},"s":{"0":1,"1":1,"2":1,"3":1,"4":4,"5":4,"6":36,"7":1,"8":4,"9":36,"10":1},"f":{"0":4,"1":36,"2":1,"3":36},"b":{"0":[0]}}
,"E:\\RSSchool\\rss-react-2024\\src\\constants\\constants.ts": {"path":"E:\\RSSchool\\rss-react-2024\\src\\constants\\constants.ts","statementMap":{"0":{"start":{"line":1,"column":13},"end":{"line":1,"column":39}},"1":{"start":{"line":3,"column":13},"end":{"line":3,"column":42}},"2":{"start":{"line":5,"column":13},"end":{"line":5,"column":61}},"3":{"start":{"line":7,"column":13},"end":{"line":7,"column":27}},"4":{"start":{"line":9,"column":13},"end":{"line":9,"column":29}}},"fnMap":{},"branchMap":{},"s":{"0":6,"1":6,"2":6,"3":6,"4":6},"f":{},"b":{}}
,"E:\\RSSchool\\rss-react-2024\\src\\context\\context.tsx": {"path":"E:\\RSSchool\\rss-react-2024\\src\\context\\context.tsx","statementMap":{"0":{"start":{"line":1,"column":0},"end":{"line":1,"column":71}},"1":{"start":{"line":2,"column":0},"end":{"line":2,"column":70}},"2":{"start":{"line":4,"column":13},"end":{"line":7,"column":24}},"3":{"start":{"line":9,"column":29},"end":{"line":23,"column":1}},"4":{"start":{"line":10,"column":42},"end":{"line":10,"column":72}},"5":{"start":{"line":12,"column":2},"end":{"line":22,"column":4}},"6":{"start":{"line":9,"column":13},"end":{"line":9,"column":29}},"7":{"start":{"line":26,"column":24},"end":{"line":26,"column":54}},"8":{"start":{"line":26,"column":30},"end":{"line":26,"column":54}},"9":{"start":{"line":26,"column":13},"end":{"line":26,"column":24}}},"fnMap":{"0":{"name":"(anonymous_0)","decl":{"start":{"line":9,"column":29},"end":{"line":9,"column":30}},"loc":{"start":{"line":9,"column":71},"end":{"line":23,"column":1}}},"1":{"name":"(anonymous_1)","decl":{"start":{"line":26,"column":24},"end":{"line":26,"column":27}},"loc":{"start":{"line":26,"column":30},"end":{"line":26,"column":54}}}},"branchMap":{},"s":{"0":3,"1":3,"2":3,"3":3,"4":6,"5":6,"6":3,"7":3,"8":14,"9":3},"f":{"0":6,"1":14},"b":{}}
,"E:\\RSSchool\\rss-react-2024\\src\\context\\contextTypes.ts": {"path":"E:\\RSSchool\\rss-react-2024\\src\\context\\contextTypes.ts","statementMap":{"0":{"start":{"line":5,"column":0},"end":{"line":5,"column":null}},"1":{"start":{"line":6,"column":2},"end":{"line":6,"column":null}},"2":{"start":{"line":7,"column":2},"end":{"line":7,"column":null}},"3":{"start":{"line":8,"column":2},"end":{"line":8,"column":null}},"4":{"start":{"line":9,"column":2},"end":{"line":9,"column":null}},"5":{"start":{"line":10,"column":2},"end":{"line":10,"column":null}},"6":{"start":{"line":11,"column":2},"end":{"line":11,"column":null}},"7":{"start":{"line":12,"column":2},"end":{"line":12,"column":null}},"8":{"start":{"line":13,"column":2},"end":{"line":13,"column":null}},"9":{"start":{"line":14,"column":2},"end":{"line":14,"column":null}},"10":{"start":{"line":15,"column":2},"end":{"line":15,"column":null}},"11":{"start":{"line":16,"column":2},"end":{"line":16,"column":null}},"12":{"start":{"line":35,"column":13},"end":{"line":54,"column":2}}},"fnMap":{"0":{"name":"(anonymous_0)","decl":{"start":{"line":5,"column":0},"end":{"line":5,"column":12}},"loc":{"start":{"line":5,"column":17},"end":{"line":17,"column":1}}}},"branchMap":{"0":{"loc":{"start":{"line":5,"column":12},"end":{"line":5,"column":null}},"type":"binary-expr","locations":[{"start":{"line":5,"column":12},"end":{"line":5,"column":17}},{"start":{"line":5,"column":17},"end":{"line":5,"column":null}}]}},"s":{"0":3,"1":3,"2":3,"3":3,"4":3,"5":3,"6":3,"7":3,"8":3,"9":3,"10":3,"11":3,"12":3},"f":{"0":3},"b":{"0":[3,3]}}
,"E:\\RSSchool\\rss-react-2024\\src\\customHooks\\useLocalStorage.tsx": {"path":"E:\\RSSchool\\rss-react-2024\\src\\customHooks\\useLocalStorage.tsx","statementMap":{"0":{"start":{"line":1,"column":0},"end":{"line":1,"column":44}},"1":{"start":{"line":3,"column":31},"end":{"line":25,"column":1}},"2":{"start":{"line":6,"column":28},"end":{"line":14,"column":4}},"3":{"start":{"line":7,"column":4},"end":{"line":13,"column":5}},"4":{"start":{"line":8,"column":26},"end":{"line":8,"column":51}},"5":{"start":{"line":9,"column":6},"end":{"line":9,"column":44}},"6":{"start":{"line":11,"column":6},"end":{"line":11,"column":25}},"7":{"start":{"line":12,"column":6},"end":{"line":12,"column":16}},"8":{"start":{"line":16,"column":2},"end":{"line":22,"column":19}},"9":{"start":{"line":17,"column":4},"end":{"line":21,"column":5}},"10":{"start":{"line":18,"column":6},"end":{"line":18,"column":39}},"11":{"start":{"line":20,"column":6},"end":{"line":20,"column":27}},"12":{"start":{"line":24,"column":2},"end":{"line":24,"column":27}},"13":{"start":{"line":3,"column":13},"end":{"line":3,"column":31}}},"fnMap":{"0":{"name":"(anonymous_0)","decl":{"start":{"line":3,"column":31},"end":{"line":3,"column":null}},"loc":{"start":{"line":5,"column":39},"end":{"line":25,"column":1}}},"1":{"name":"(anonymous_1)","decl":{"start":{"line":6,"column":37},"end":{"line":6,"column":40}},"loc":{"start":{"line":6,"column":42},"end":{"line":14,"column":3}}},"2":{"name":"(anonymous_2)","decl":{"start":{"line":16,"column":12},"end":{"line":16,"column":15}},"loc":{"start":{"line":16,"column":17},"end":{"line":22,"column":3}}}},"branchMap":{"0":{"loc":{"start":{"line":9,"column":13},"end":{"line":9,"column":43}},"type":"cond-expr","locations":[{"start":{"line":9,"column":27},"end":{"line":9,"column":38}},{"start":{"line":9,"column":41},"end":{"line":9,"column":43}}]}},"s":{"0":1,"1":1,"2":16,"3":8,"4":8,"5":8,"6":0,"7":0,"8":16,"9":8,"10":8,"11":0,"12":16,"13":1},"f":{"0":16,"1":8,"2":8},"b":{"0":[0,8]}}
,"E:\\RSSchool\\rss-react-2024\\src\\pages\\errorPage\\errorPage.tsx": {"path":"E:\\RSSchool\\rss-react-2024\\src\\pages\\errorPage\\errorPage.tsx","statementMap":{"0":{"start":{"line":1,"column":33},"end":{"line":9,"column":1}},"1":{"start":{"line":2,"column":2},"end":{"line":8,"column":4}},"2":{"start":{"line":1,"column":13},"end":{"line":1,"column":33}}},"fnMap":{"0":{"name":"(anonymous_0)","decl":{"start":{"line":1,"column":33},"end":{"line":1,"column":36}},"loc":{"start":{"line":1,"column":38},"end":{"line":9,"column":1}}}},"branchMap":{},"s":{"0":1,"1":1,"2":1},"f":{"0":1},"b":{}}
,"E:\\RSSchool\\rss-react-2024\\src\\pages\\mainPage\\index.tsx": {"path":"E:\\RSSchool\\rss-react-2024\\src\\pages\\mainPage\\index.tsx","statementMap":{"0":{"start":{"line":1,"column":0},"end":{"line":1,"column":79}},"1":{"start":{"line":2,"column":0},"end":{"line":2,"column":49}},"2":{"start":{"line":3,"column":0},"end":{"line":3,"column":56}},"3":{"start":{"line":4,"column":0},"end":{"line":4,"column":21}},"4":{"start":{"line":5,"column":0},"end":{"line":5,"column":68}},"5":{"start":{"line":6,"column":0},"end":{"line":6,"column":69}},"6":{"start":{"line":7,"column":0},"end":{"line":7,"column":68}},"7":{"start":{"line":8,"column":0},"end":{"line":8,"column":null}},"8":{"start":{"line":14,"column":0},"end":{"line":14,"column":57}},"9":{"start":{"line":15,"column":0},"end":{"line":15,"column":49}},"10":{"start":{"line":17,"column":0},"end":{"line":17,"column":42}},"11":{"start":{"line":19,"column":0},"end":{"line":19,"column":42}},"12":{"start":{"line":20,"column":0},"end":{"line":20,"column":69}},"13":{"start":{"line":22,"column":34},"end":{"line":78,"column":1}},"14":{"start":{"line":23,"column":19},"end":{"line":23,"column":68}},"15":{"start":{"line":23,"column":53},"end":{"line":23,"column":67}},"16":{"start":{"line":24,"column":19},"end":{"line":24,"column":45}},"17":{"start":{"line":26,"column":37},"end":{"line":26,"column":47}},"18":{"start":{"line":27,"column":17},"end":{"line":27,"column":52}},"19":{"start":{"line":28,"column":19},"end":{"line":28,"column":25}},"20":{"start":{"line":29,"column":19},"end":{"line":29,"column":32}},"21":{"start":{"line":30,"column":25},"end":{"line":30,"column":54}},"22":{"start":{"line":31,"column":42},"end":{"line":31,"column":59}},"23":{"start":{"line":32,"column":28},"end":{"line":32,"column":52}},"24":{"start":{"line":33,"column":20},"end":{"line":33,"column":42}},"25":{"start":{"line":34,"column":40},"end":{"line":34,"column":64}},"26":{"start":{"line":36,"column":22},"end":{"line":39,"column":3}},"27":{"start":{"line":37,"column":4},"end":{"line":37,"column":25}},"28":{"start":{"line":38,"column":4},"end":{"line":38,"column":50}},"29":{"start":{"line":38,"column":15},"end":{"line":38,"column":50}},"30":{"start":{"line":41,"column":28},"end":{"line":44,"column":3}},"31":{"start":{"line":42,"column":4},"end":{"line":42,"column":25}},"32":{"start":{"line":43,"column":4},"end":{"line":43,"column":30}},"33":{"start":{"line":46,"column":24},"end":{"line":50,"column":null}},"34":{"start":{"line":48,"column":6},"end":{"line":48,"column":45}},"35":{"start":{"line":53,"column":2},"end":{"line":56,"column":28}},"36":{"start":{"line":54,"column":4},"end":{"line":55,"column":26}},"37":{"start":{"line":54,"column":14},"end":{"line":54,"column":42}},"38":{"start":{"line":55,"column":9},"end":{"line":55,"column":26}},"39":{"start":{"line":58,"column":2},"end":{"line":61,"column":33}},"40":{"start":{"line":59,"column":18},"end":{"line":59,"column":38}},"41":{"start":{"line":60,"column":4},"end":{"line":60,"column":51}},"42":{"start":{"line":60,"column":28},"end":{"line":60,"column":51}},"43":{"start":{"line":63,"column":2},"end":{"line":65,"column":47}},"44":{"start":{"line":64,"column":4},"end":{"line":64,"column":35}},"45":{"start":{"line":64,"column":15},"end":{"line":64,"column":35}},"46":{"start":{"line":67,"column":2},"end":{"line":77,"column":4}},"47":{"start":{"line":22,"column":13},"end":{"line":22,"column":34}},"48":{"start":{"line":80,"column":37},"end":{"line":90,"column":1}},"49":{"start":{"line":81,"column":17},"end":{"line":81,"column":52}},"50":{"start":{"line":82,"column":22},"end":{"line":82,"column":28}},"51":{"start":{"line":84,"column":2},"end":{"line":89,"column":4}},"52":{"start":{"line":80,"column":13},"end":{"line":80,"column":37}}},"fnMap":{"0":{"name":"(anonymous_0)","decl":{"start":{"line":22,"column":34},"end":{"line":22,"column":37}},"loc":{"start":{"line":22,"column":39},"end":{"line":78,"column":1}}},"1":{"name":"(anonymous_1)","decl":{"start":{"line":23,"column":31},"end":{"line":23,"column":32}},"loc":{"start":{"line":23,"column":53},"end":{"line":23,"column":67}}},"2":{"name":"(anonymous_2)","decl":{"start":{"line":36,"column":22},"end":{"line":36,"column":23}},"loc":{"start":{"line":36,"column":40},"end":{"line":39,"column":3}}},"3":{"name":"(anonymous_3)","decl":{"start":{"line":41,"column":28},"end":{"line":41,"column":29}},"loc":{"start":{"line":41,"column":45},"end":{"line":44,"column":3}}},"4":{"name":"(anonymous_4)","decl":{"start":{"line":47,"column":4},"end":{"line":47,"column":9}},"loc":{"start":{"line":47,"column":27},"end":{"line":49,"column":5}}},"5":{"name":"(anonymous_5)","decl":{"start":{"line":53,"column":12},"end":{"line":53,"column":15}},"loc":{"start":{"line":53,"column":17},"end":{"line":56,"column":3}}},"6":{"name":"(anonymous_6)","decl":{"start":{"line":58,"column":12},"end":{"line":58,"column":15}},"loc":{"start":{"line":58,"column":17},"end":{"line":61,"column":3}}},"7":{"name":"(anonymous_7)","decl":{"start":{"line":63,"column":12},"end":{"line":63,"column":15}},"loc":{"start":{"line":63,"column":17},"end":{"line":65,"column":3}}},"8":{"name":"(anonymous_8)","decl":{"start":{"line":80,"column":37},"end":{"line":80,"column":40}},"loc":{"start":{"line":80,"column":42},"end":{"line":90,"column":1}}}},"branchMap":{"0":{"loc":{"start":{"line":30,"column":25},"end":{"line":30,"column":54}},"type":"cond-expr","locations":[{"start":{"line":30,"column":32},"end":{"line":30,"column":50}},{"start":{"line":30,"column":53},"end":{"line":30,"column":54}}]},"1":{"loc":{"start":{"line":38,"column":4},"end":{"line":38,"column":50}},"type":"if","locations":[{"start":{"line":38,"column":4},"end":{"line":38,"column":50}}]},"2":{"loc":{"start":{"line":54,"column":4},"end":{"line":55,"column":26}},"type":"if","locations":[{"start":{"line":54,"column":4},"end":{"line":55,"column":26}},{"start":{"line":55,"column":9},"end":{"line":55,"column":26}}]},"3":{"loc":{"start":{"line":60,"column":4},"end":{"line":60,"column":51}},"type":"if","locations":[{"start":{"line":60,"column":4},"end":{"line":60,"column":51}}]},"4":{"loc":{"start":{"line":64,"column":4},"end":{"line":64,"column":35}},"type":"if","locations":[{"start":{"line":64,"column":4},"end":{"line":64,"column":35}}]},"5":{"loc":{"start":{"line":73,"column":11},"end":{"line":73,"column":66}},"type":"cond-expr","locations":[{"start":{"line":73,"column":38},"end":{"line":73,"column":48}},{"start":{"line":73,"column":51},"end":{"line":73,"column":66}}]},"6":{"loc":{"start":{"line":87,"column":7},"end":{"line":87,"column":28}},"type":"binary-expr","locations":[{"start":{"line":87,"column":7},"end":{"line":87,"column":14}},{"start":{"line":87,"column":18},"end":{"line":87,"column":28}}]}},"s":{"0":0,"1":0,"2":0,"3":0,"4":0,"5":0,"6":0,"7":0,"8":0,"9":0,"10":0,"11":0,"12":0,"13":0,"14":0,"15":0,"16":0,"17":0,"18":0,"19":0,"20":0,"21":0,"22":0,"23":0,"24":0,"25":0,"26":0,"27":0,"28":0,"29":0,"30":0,"31":0,"32":0,"33":0,"34":0,"35":0,"36":0,"37":0,"38":0,"39":0,"40":0,"41":0,"42":0,"43":0,"44":0,"45":0,"46":0,"47":0,"48":0,"49":0,"50":0,"51":0,"52":0},"f":{"0":0,"1":0,"2":0,"3":0,"4":0,"5":0,"6":0,"7":0,"8":0},"b":{"0":[0,0],"1":[0],"2":[0,0],"3":[0],"4":[0],"5":[0,0],"6":[0,0]}}
,"E:\\RSSchool\\rss-react-2024\\src\\pages\\outOfAmount\\outOfAmount.tsx": {"path":"E:\\RSSchool\\rss-react-2024\\src\\pages\\outOfAmount\\outOfAmount.tsx","statementMap":{"0":{"start":{"line":1,"column":0},"end":{"line":1,"column":21}},"1":{"start":{"line":2,"column":0},"end":{"line":2,"column":40}},"2":{"start":{"line":4,"column":27},"end":{"line":17,"column":1}},"3":{"start":{"line":5,"column":2},"end":{"line":16,"column":4}},"4":{"start":{"line":4,"column":13},"end":{"line":4,"column":27}}},"fnMap":{"0":{"name":"(anonymous_0)","decl":{"start":{"line":4,"column":27},"end":{"line":4,"column":30}},"loc":{"start":{"line":4,"column":32},"end":{"line":17,"column":1}}}},"branchMap":{},"s":{"0":1,"1":1,"2":1,"3":1,"4":1},"f":{"0":1},"b":{}}
,"E:\\RSSchool\\rss-react-2024\\src\\store\\store.ts": {"path":"E:\\RSSchool\\rss-react-2024\\src\\store\\store.ts","statementMap":{"0":{"start":{"line":1,"column":0},"end":{"line":1,"column":50}},"1":{"start":{"line":2,"column":0},"end":{"line":2,"column":53}},"2":{"start":{"line":3,"column":0},"end":{"line":3,"column":55}},"3":{"start":{"line":4,"column":0},"end":{"line":4,"column":47}},"4":{"start":{"line":5,"column":0},"end":{"line":5,"column":49}},"5":{"start":{"line":7,"column":13},"end":{"line":17,"column":3}},"6":{"start":{"line":15,"column":4},"end":{"line":15,"column":65}}},"fnMap":{"0":{"name":"(anonymous_1)","decl":{"start":{"line":14,"column":14},"end":{"line":14,"column":15}},"loc":{"start":{"line":14,"column":39},"end":{"line":16,"column":3}}}},"branchMap":{},"s":{"0":0,"1":0,"2":0,"3":0,"4":0,"5":0,"6":0},"f":{"0":0},"b":{}}
,"E:\\RSSchool\\rss-react-2024\\src\\store\\pokemons\\pageSlice.ts": {"path":"E:\\RSSchool\\rss-react-2024\\src\\store\\pokemons\\pageSlice.ts","statementMap":{"0":{"start":{"line":1,"column":0},"end":{"line":1,"column":47}},"1":{"start":{"line":7,"column":32},"end":{"line":9,"column":2}},"2":{"start":{"line":11,"column":13},"end":{"line":28,"column":3}},"3":{"start":{"line":16,"column":6},"end":{"line":16,"column":23}},"4":{"start":{"line":19,"column":6},"end":{"line":19,"column":23}},"5":{"start":{"line":22,"column":6},"end":{"line":22,"column":35}},"6":{"start":{"line":25,"column":6},"end":{"line":25,"column":22}},"7":{"start":{"line":30,"column":13},"end":{"line":30,"column":null}},"8":{"start":{"line":32,"column":0},"end":{"line":32,"column":33}}},"fnMap":{"0":{"name":"(anonymous_0)","decl":{"start":{"line":15,"column":19},"end":{"line":15,"column":20}},"loc":{"start":{"line":15,"column":29},"end":{"line":17,"column":5}}},"1":{"name":"(anonymous_1)","decl":{"start":{"line":18,"column":19},"end":{"line":18,"column":20}},"loc":{"start":{"line":18,"column":29},"end":{"line":20,"column":5}}},"2":{"name":"(anonymous_2)","decl":{"start":{"line":21,"column":13},"end":{"line":21,"column":14}},"loc":{"start":{"line":21,"column":31},"end":{"line":23,"column":5}}},"3":{"name":"(anonymous_3)","decl":{"start":{"line":24,"column":15},"end":{"line":24,"column":16}},"loc":{"start":{"line":24,"column":25},"end":{"line":26,"column":5}}}},"branchMap":{},"s":{"0":0,"1":0,"2":0,"3":0,"4":0,"5":0,"6":0,"7":0,"8":0},"f":{"0":0,"1":0,"2":0,"3":0},"b":{}}
,"E:\\RSSchool\\rss-react-2024\\src\\store\\pokemons\\pokemonSlice.ts": {"path":"E:\\RSSchool\\rss-react-2024\\src\\store\\pokemons\\pokemonSlice.ts","statementMap":{"0":{"start":{"line":1,"column":0},"end":{"line":1,"column":80}},"1":{"start":{"line":3,"column":0},"end":{"line":3,"column":48}},"2":{"start":{"line":4,"column":0},"end":{"line":4,"column":52}},"3":{"start":{"line":12,"column":35},"end":{"line":16,"column":2}},"4":{"start":{"line":18,"column":21},"end":{"line":53,"column":2}},"5":{"start":{"line":23,"column":6},"end":{"line":23,"column":35}},"6":{"start":{"line":26,"column":6},"end":{"line":26,"column":46}},"7":{"start":{"line":30,"column":4},"end":{"line":40,"column":8}},"8":{"start":{"line":32,"column":8},"end":{"line":32,"column":31}},"9":{"start":{"line":37,"column":10},"end":{"line":37,"column":50}},"10":{"start":{"line":38,"column":10},"end":{"line":38,"column":34}},"11":{"start":{"line":41,"column":4},"end":{"line":51,"column":8}},"12":{"start":{"line":43,"column":8},"end":{"line":43,"column":31}},"13":{"start":{"line":48,"column":10},"end":{"line":48,"column":50}},"14":{"start":{"line":49,"column":10},"end":{"line":49,"column":34}},"15":{"start":{"line":55,"column":13},"end":{"line":63,"column":3}},"16":{"start":{"line":60,"column":20},"end":{"line":60,"column":50}},"17":{"start":{"line":61,"column":2},"end":{"line":61,"column":44}},"18":{"start":{"line":62,"column":2},"end":{"line":62,"column":27}},"19":{"start":{"line":65,"column":13},"end":{"line":78,"column":3}},"20":{"start":{"line":70,"column":25},"end":{"line":70,"column":53}},"21":{"start":{"line":71,"column":25},"end":{"line":76,"column":4}},"22":{"start":{"line":77,"column":2},"end":{"line":77,"column":24}},"23":{"start":{"line":80,"column":13},"end":{"line":80,"column":50}},"24":{"start":{"line":82,"column":0},"end":{"line":82,"column":36}}},"fnMap":{"0":{"name":"(anonymous_1)","decl":{"start":{"line":22,"column":4},"end":{"line":22,"column":18}},"loc":{"start":{"line":22,"column":55},"end":{"line":24,"column":5}}},"1":{"name":"(anonymous_2)","decl":{"start":{"line":25,"column":4},"end":{"line":25,"column":18}},"loc":{"start":{"line":25,"column":65},"end":{"line":27,"column":5}}},"2":{"name":"(anonymous_3)","decl":{"start":{"line":29,"column":17},"end":{"line":29,"column":18}},"loc":{"start":{"line":29,"column":29},"end":{"line":52,"column":3}}},"3":{"name":"(anonymous_4)","decl":{"start":{"line":31,"column":41},"end":{"line":31,"column":42}},"loc":{"start":{"line":31,"column":51},"end":{"line":33,"column":7}}},"4":{"name":"(anonymous_5)","decl":{"start":{"line":36,"column":8},"end":{"line":36,"column":9}},"loc":{"start":{"line":36,"column":59},"end":{"line":39,"column":9}}},"5":{"name":"(anonymous_6)","decl":{"start":{"line":42,"column":43},"end":{"line":42,"column":44}},"loc":{"start":{"line":42,"column":53},"end":{"line":44,"column":7}}},"6":{"name":"(anonymous_7)","decl":{"start":{"line":47,"column":8},"end":{"line":47,"column":9}},"loc":{"start":{"line":47,"column":59},"end":{"line":50,"column":9}}},"7":{"name":"(anonymous_8)","decl":{"start":{"line":59,"column":31},"end":{"line":59,"column":36}},"loc":{"start":{"line":59,"column":75},"end":{"line":63,"column":1}}},"8":{"name":"(anonymous_9)","decl":{"start":{"line":69,"column":33},"end":{"line":69,"column":38}},"loc":{"start":{"line":69,"column":59},"end":{"line":78,"column":1}}}},"branchMap":{},"s":{"0":1,"1":1,"2":1,"3":1,"4":1,"5":0,"6":0,"7":0,"8":0,"9":0,"10":0,"11":0,"12":0,"13":0,"14":0,"15":1,"16":0,"17":0,"18":0,"19":1,"20":0,"21":0,"22":0,"23":1,"24":1},"f":{"0":0,"1":0,"2":0,"3":0,"4":0,"5":0,"6":0,"7":0,"8":0},"b":{}}
,"E:\\RSSchool\\rss-react-2024\\src\\store\\pokemons\\selectedSlice.ts": {"path":"E:\\RSSchool\\rss-react-2024\\src\\store\\pokemons\\selectedSlice.ts","statementMap":{"0":{"start":{"line":1,"column":0},"end":{"line":1,"column":47}},"1":{"start":{"line":9,"column":36},"end":{"line":12,"column":2}},"2":{"start":{"line":14,"column":22},"end":{"line":33,"column":2}},"3":{"start":{"line":19,"column":6},"end":{"line":19,"column":23}},"4":{"start":{"line":20,"column":6},"end":{"line":20,"column":30}},"5":{"start":{"line":23,"column":6},"end":{"line":23,"column":70}},"6":{"start":{"line":24,"column":6},"end":{"line":24,"column":24}},"7":{"start":{"line":27,"column":6},"end":{"line":29,"column":8}},"8":{"start":{"line":28,"column":18},"end":{"line":28,"column":54}},"9":{"start":{"line":30,"column":6},"end":{"line":30,"column":24}},"10":{"start":{"line":35,"column":13},"end":{"line":35,"column":null}},"11":{"start":{"line":38,"column":0},"end":{"line":38,"column":37}}},"fnMap":{"0":{"name":"(anonymous_0)","decl":{"start":{"line":18,"column":4},"end":{"line":18,"column":12}},"loc":{"start":{"line":18,"column":18},"end":{"line":21,"column":5}}},"1":{"name":"(anonymous_1)","decl":{"start":{"line":22,"column":4},"end":{"line":22,"column":15}},"loc":{"start":{"line":22,"column":29},"end":{"line":25,"column":5}}},"2":{"name":"(anonymous_2)","decl":{"start":{"line":26,"column":4},"end":{"line":26,"column":22}},"loc":{"start":{"line":26,"column":36},"end":{"line":31,"column":5}}},"3":{"name":"(anonymous_3)","decl":{"start":{"line":28,"column":8},"end":{"line":28,"column":9}},"loc":{"start":{"line":28,"column":18},"end":{"line":28,"column":54}}}},"branchMap":{},"s":{"0":3,"1":3,"2":3,"3":0,"4":0,"5":0,"6":0,"7":0,"8":0,"9":0,"10":3,"11":3},"f":{"0":0,"1":0,"2":0,"3":0},"b":{}}
}
