TN:
SF:src\api\getOnePokemon.ts
FN:3,(anonymous_1)
FNF:1
FNH:1
FNDA:3,(anonymous_1)
DA:1,3
DA:3,3
DA:4,3
DA:5,3
DA:6,2
DA:8,1
DA:12,3
LF:7
LH:7
BRF:0
BRH:0
end_of_record
TN:
SF:src\api\getPokemons.ts
FN:5,(anonymous_1)
FNF:1
FNH:1
FNDA:3,(anonymous_1)
DA:1,2
DA:3,2
DA:5,2
DA:6,3
DA:7,3
DA:8,3
DA:11,2
DA:13,1
DA:18,2
LF:9
LH:9
BRDA:5,0,0,2
BRF:1
BRH:1
end_of_record
TN:
SF:src\api\instance.ts
FNF:0
FNH:0
DA:1,4
DA:2,4
DA:4,4
DA:11,4
LF:4
LH:4
BRF:0
BRH:0
end_of_record
TN:
SF:src\components\card\loader.tsx
FN:4,(anonymous_0)
FNF:1
FNH:1
FNDA:4,(anonymous_0)
DA:2,2
DA:4,2
DA:5,4
LF:3
LH:3
BRF:0
BRH:0
end_of_record
TN:
SF:src\components\detailedCard\detailedCard.tsx
FN:8,(anonymous_1)
FN:16,(anonymous_2)
FN:17,(anonymous_3)
FN:28,(anonymous_4)
FN:45,(anonymous_5)
FNF:5
FNH:5
FNDA:6,(anonymous_1)
FNDA:3,(anonymous_2)
FNDA:3,(anonymous_3)
FNDA:1,(anonymous_4)
FNDA:2,(anonymous_5)
DA:1,1
DA:2,1
DA:4,1
DA:5,1
DA:6,1
DA:8,1
DA:9,6
DA:10,5
DA:11,5
DA:13,5
DA:14,5
DA:16,5
DA:17,3
DA:18,3
DA:19,3
DA:21,3
DA:22,3
DA:25,3
DA:28,5
DA:29,1
DA:32,5
DA:46,2
LF:22
LH:22
BRDA:18,0,0,3
BRDA:34,1,0,3
BRDA:34,1,1,2
BRF:3
BRH:3
end_of_record
TN:
SF:src\components\header\converToCsv.ts
FN:3,(anonymous_0)
FN:10,(anonymous_1)
FN:11,(anonymous_2)
FNF:3
FNH:3
FNDA:3,(anonymous_0)
FNDA:4,(anonymous_1)
FNDA:24,(anonymous_2)
DA:3,1
DA:4,3
DA:5,1
DA:8,2
DA:9,2
DA:10,2
DA:11,24
DA:14,2
DA:15,2
DA:16,2
DA:18,2
LF:11
LH:11
BRDA:4,0,0,1
BRF:1
BRH:1
end_of_record
TN:
SF:src\components\header\flyOut.tsx
FN:7,(anonymous_0)
FN:9,(anonymous_1)
FN:13,(anonymous_2)
FNF:3
FNH:3
FNDA:3,(anonymous_0)
FNDA:6,(anonymous_1)
FNDA:1,(anonymous_2)
DA:1,1
DA:3,1
DA:4,1
DA:5,1
DA:7,1
DA:8,3
DA:9,6
DA:11,3
DA:13,3
DA:14,1
DA:17,3
LF:11
LH:11
BRF:0
BRH:0
end_of_record
TN:
SF:src\components\header\themeButton.tsx
FN:5,(anonymous_0)
FN:9,(anonymous_1)
FNF:2
FNH:2
FNDA:3,(anonymous_0)
FNDA:2,(anonymous_1)
DA:1,1
DA:2,1
DA:3,1
DA:5,1
DA:6,3
DA:7,3
DA:9,3
DA:10,2
DA:11,2
DA:12,2
DA:15,3
LF:11
LH:11
BRDA:10,0,0,1
BRDA:10,0,1,1
BRF:2
BRH:2
end_of_record
TN:
SF:src\components\pagination\arrayMaker.ts
FN:8,(anonymous_0)
FN:12,(anonymous_1)
FNF:2
FNH:2
FNDA:13,(anonymous_0)
FNDA:117,(anonymous_1)
DA:1,2
DA:2,2
DA:3,2
DA:4,2
DA:5,2
DA:6,2
DA:8,2
DA:9,13
DA:10,13
DA:11,13
DA:12,117
DA:13,13
LF:12
LH:12
BRDA:9,0,0,5
BRDA:9,0,1,8
BRDA:10,1,0,4
BRF:3
BRH:3
end_of_record
TN:
SF:src\components\pagination\pageLink.tsx
FN:8,(anonymous_0)
FNF:1
FNH:1
FNDA:38,(anonymous_0)
DA:1,2
DA:8,2
DA:9,38
LF:3
LH:3
BRDA:11,0,0,5
BRDA:11,0,1,33
BRF:2
BRH:2
end_of_record
TN:
SF:src\components\pagination\pagination.tsx
FN:10,(anonymous_0)
FN:16,(anonymous_1)
FN:17,(anonymous_2)
FN:22,(anonymous_3)
FNF:4
FNH:4
FNDA:4,(anonymous_0)
FNDA:36,(anonymous_1)
FNDA:1,(anonymous_2)
FNDA:36,(anonymous_3)
DA:1,1
DA:2,1
DA:3,1
DA:10,1
DA:14,4
DA:16,4
DA:17,36
DA:20,4
DA:23,36
LF:9
LH:9
BRDA:11,0,0,0
BRF:1
BRH:0
end_of_record
TN:
SF:src\constants\constants.ts
FNF:0
FNH:0
DA:1,5
DA:3,5
DA:5,5
DA:7,5
DA:9,5
LF:5
LH:5
BRF:0
BRH:0
end_of_record
TN:
SF:src\context\context.tsx
FN:9,(anonymous_0)
FN:26,(anonymous_1)
FNF:2
FNH:2
FNDA:6,(anonymous_0)
FNDA:6,(anonymous_1)
DA:1,2
DA:2,2
DA:4,2
DA:9,2
DA:10,6
DA:12,6
DA:26,6
LF:7
LH:7
BRF:0
BRH:0
end_of_record
TN:
SF:src\context\contextTypes.ts
FN:5,(anonymous_0)
FNF:1
FNH:1
FNDA:2,(anonymous_0)
DA:5,2
DA:6,2
DA:7,2
DA:8,2
DA:9,2
DA:10,2
DA:11,2
DA:12,2
DA:13,2
DA:14,2
DA:15,2
DA:16,2
DA:35,2
LF:13
LH:13
BRDA:5,0,0,2
BRDA:5,0,1,2
BRF:2
BRH:2
end_of_record
TN:
SF:src\pages\errorPage\errorPage.tsx
FN:1,(anonymous_0)
FNF:1
FNH:1
FNDA:1,(anonymous_0)
DA:1,1
DA:2,1
LF:2
LH:2
BRF:0
BRH:0
end_of_record
TN:
SF:src\pages\outOfAmount\outOfAmount.tsx
FN:4,(anonymous_0)
FNF:1
FNH:1
FNDA:1,(anonymous_0)
DA:1,1
DA:2,1
DA:4,1
DA:5,1
LF:4
LH:4
BRF:0
BRH:0
end_of_record
TN:
SF:src\store\store.ts
FNF:0
FNH:0
DA:1,1
DA:2,1
DA:3,1
DA:5,1
LF:4
LH:4
BRF:0
BRH:0
end_of_record
TN:
SF:src\store\pokemons\pokemonSlice.ts
FN:22,(anonymous_1)
FN:25,(anonymous_2)
FN:29,(anonymous_3)
FN:31,(anonymous_4)
FN:36,(anonymous_5)
FN:42,(anonymous_6)
FN:47,(anonymous_7)
FN:59,(anonymous_8)
FN:69,(anonymous_9)
FNF:9
FNH:9
FNDA:2,(anonymous_1)
FNDA:1,(anonymous_2)
FNDA:1,(anonymous_3)
FNDA:1,(anonymous_4)
FNDA:1,(anonymous_5)
FNDA:1,(anonymous_6)
FNDA:1,(anonymous_7)
FNDA:1,(anonymous_8)
FNDA:1,(anonymous_9)
DA:1,1
DA:3,1
DA:4,1
DA:12,1
DA:18,1
DA:23,2
DA:26,1
DA:30,1
DA:32,1
DA:37,1
DA:38,1
DA:41,1
DA:43,1
DA:48,1
DA:49,1
DA:55,1
DA:60,1
DA:61,1
DA:62,1
DA:65,1
DA:70,1
DA:71,1
DA:77,1
DA:80,1
DA:82,1
LF:25
LH:25
BRF:0
BRH:0
end_of_record
TN:
SF:src\store\pokemons\selectedSlice.ts
FN:18,(anonymous_0)
FN:22,(anonymous_1)
FN:26,(anonymous_2)
FN:28,(anonymous_3)
FNF:4
FNH:4
FNDA:1,(anonymous_0)
FNDA:2,(anonymous_1)
FNDA:1,(anonymous_2)
FNDA:2,(anonymous_3)
DA:1,2
DA:9,2
DA:14,2
DA:19,1
DA:20,1
DA:23,2
DA:24,2
DA:27,1
DA:28,2
DA:30,1
DA:35,2
DA:38,2
LF:12
LH:12
BRF:0
BRH:0
end_of_record
