TN:
SF:src\api\getOnePokemon.ts
FN:3,(anonymous_1)
FNF:1
FNH:1
FNDA:2,(anonymous_1)
DA:1,2
DA:3,2
DA:4,2
DA:5,2
DA:6,1
DA:8,1
DA:12,2
LF:7
LH:7
BRF:0
BRH:0
end_of_record
TN:
SF:src\api\getPokemons.ts
FN:5,(anonymous_1)
FNF:1
FNH:1
FNDA:2,(anonymous_1)
DA:1,1
DA:3,1
DA:5,1
DA:6,2
DA:7,2
DA:8,2
DA:11,1
DA:12,1
DA:14,1
DA:18,1
LF:10
LH:10
BRDA:5,0,0,2
BRF:1
BRH:1
end_of_record
TN:
SF:src\api\instance.ts
FNF:0
FNH:0
DA:1,3
DA:2,3
DA:4,3
DA:11,3
LF:4
LH:4
BRF:0
BRH:0
end_of_record
TN:
SF:src\components\card\loader.tsx
FN:4,(anonymous_0)
FNF:1
FNH:1
FNDA:4,(anonymous_0)
DA:2,2
DA:4,2
DA:5,4
LF:3
LH:3
BRF:0
BRH:0
end_of_record
TN:
SF:src\components\detailedCard\detailedCard.tsx
FN:8,(anonymous_1)
FN:16,(anonymous_2)
FN:18,(anonymous_3)
FN:29,(anonymous_4)
FN:46,(anonymous_5)
FNF:5
FNH:5
FNDA:6,(anonymous_1)
FNDA:3,(anonymous_2)
FNDA:3,(anonymous_3)
FNDA:1,(anonymous_4)
FNDA:2,(anonymous_5)
DA:1,1
DA:2,1
DA:4,1
DA:5,1
DA:6,1
DA:8,1
DA:9,6
DA:10,5
DA:11,5
DA:13,5
DA:14,5
DA:16,5
DA:17,3
DA:18,3
DA:19,3
DA:20,3
DA:22,3
DA:23,3
DA:26,3
DA:29,5
DA:30,1
DA:33,5
DA:47,2
LF:23
LH:23
BRDA:19,0,0,3
BRDA:35,1,0,3
BRDA:35,1,1,2
BRF:3
BRH:3
end_of_record
TN:
SF:src\components\header\buttonMistake.tsx
FN:4,(anonymous_0)
FN:7,(anonymous_1)
FNF:2
FNH:1
FNDA:1,(anonymous_0)
FNDA:0,(anonymous_1)
DA:1,1
DA:2,1
DA:4,1
DA:5,1
DA:7,1
DA:8,0
DA:9,0
DA:12,1
DA:19,1
LF:9
LH:7
BRF:0
BRH:0
end_of_record
TN:
SF:src\components\pagination\arrayMaker.ts
FN:1,(anonymous_0)
FN:5,(anonymous_1)
FNF:2
FNH:2
FNDA:9,(anonymous_0)
FNDA:81,(anonymous_1)
DA:1,1
DA:2,9
DA:3,9
DA:4,9
DA:5,81
DA:6,9
LF:6
LH:6
BRDA:2,0,0,3
BRDA:2,0,1,6
BRDA:3,1,0,3
BRF:3
BRH:3
end_of_record
TN:
SF:src\components\pagination\pageLink.tsx
FN:8,(anonymous_0)
FNF:1
FNH:1
FNDA:2,(anonymous_0)
DA:1,1
DA:8,1
DA:9,2
LF:3
LH:3
BRDA:10,0,0,1
BRDA:10,0,1,1
BRF:2
BRH:2
end_of_record
TN:
SF:src\components\pagination\pagination.tsx
FN:10,(anonymous_0)
FN:16,(anonymous_1)
FN:17,(anonymous_2)
FN:22,(anonymous_3)
FNF:4
FNH:0
FNDA:0,(anonymous_0)
FNDA:0,(anonymous_1)
FNDA:0,(anonymous_2)
FNDA:0,(anonymous_3)
DA:1,0
DA:2,0
DA:3,0
DA:10,0
DA:14,0
DA:16,0
DA:17,0
DA:20,0
DA:23,0
LF:9
LH:0
BRDA:11,0,0,0
BRF:1
BRH:0
end_of_record
TN:
SF:src\constants\constants.ts
FNF:0
FNH:0
DA:1,3
DA:3,3
DA:5,3
DA:7,3
LF:4
LH:4
BRF:0
BRH:0
end_of_record
TN:
SF:src\pages\errorPage\errorPage.tsx
FN:1,(anonymous_0)
FNF:1
FNH:1
FNDA:1,(anonymous_0)
DA:1,1
DA:2,1
LF:2
LH:2
BRF:0
BRH:0
end_of_record
TN:
SF:src\pages\outOfAmount\outOfAmount.tsx
FN:4,(anonymous_0)
FNF:1
FNH:1
FNDA:1,(anonymous_0)
DA:1,1
DA:2,1
DA:4,1
DA:5,1
LF:4
LH:4
BRF:0
BRH:0
end_of_record
